<?xml version="1.0" encoding="UTF-8"?>
<coverage generated="1784327477452" clover="3.2.0">
  <project timestamp="1784327477452" name="All files">
    <metrics statements="900" coveredstatements="321" conditionals="417" coveredconditionals="102" methods="292" coveredmethods="124" elements="1609" coveredelements="547" complexity="0" loc="900" ncloc="900" packages="7" files="24" classes="24"/>
    <package name="app.components.ui">
      <metrics statements="28" coveredstatements="25" conditionals="4" coveredconditionals="3" methods="15" coveredmethods="12"/>
      <file name="alert.tsx" path="E:\Johan\DEv\Gym\src\app\components\ui\alert.tsx">
        <metrics statements="4" coveredstatements="3" conditionals="0" coveredconditionals="0" methods="3" coveredmethods="2"/>
        <line num="6" count="1" type="stmt"/>
        <line num="27" count="38" type="stmt"/>
        <line num="38" count="0" type="stmt"/>
        <line num="54" count="38" type="stmt"/>
      </file>
      <file name="button.tsx" path="E:\Johan\DEv\Gym\src\app\components\ui\button.tsx">
        <metrics statements="5" coveredstatements="5" conditionals="3" coveredconditionals="2" methods="1" coveredmethods="1"/>
        <line num="7" count="1" type="stmt"/>
        <line num="37" count="1" type="stmt"/>
        <line num="44" count="91" type="cond" truecount="1" falsecount="1"/>
        <line num="46" count="91" type="stmt"/>
        <line num="56" count="1" type="stmt"/>
      </file>
      <file name="card.tsx" path="E:\Johan\DEv\Gym\src\app\components\ui\card.tsx">
        <metrics statements="7" coveredstatements="5" conditionals="0" coveredconditionals="0" methods="7" coveredmethods="5"/>
        <line num="6" count="91" type="stmt"/>
        <line num="19" count="91" type="stmt"/>
        <line num="32" count="91" type="stmt"/>
        <line num="42" count="91" type="stmt"/>
        <line num="52" count="0" type="stmt"/>
        <line num="65" count="91" type="stmt"/>
        <line num="75" count="0" type="stmt"/>
      </file>
      <file name="input.tsx" path="E:\Johan\DEv\Gym\src\app\components\ui\input.tsx">
        <metrics statements="3" coveredstatements="3" conditionals="0" coveredconditionals="0" methods="1" coveredmethods="1"/>
        <line num="5" count="1" type="stmt"/>
        <line num="7" count="322" type="stmt"/>
        <line num="24" count="1" type="stmt"/>
      </file>
      <file name="label.tsx" path="E:\Johan\DEv\Gym\src\app\components\ui\label.tsx">
        <metrics statements="4" coveredstatements="4" conditionals="0" coveredconditionals="0" methods="1" coveredmethods="1"/>
        <line num="6" count="1" type="stmt"/>
        <line num="8" count="1" type="stmt"/>
        <line num="12" count="322" type="stmt"/>
        <line num="25" count="1" type="stmt"/>
      </file>
      <file name="sonner.tsx" path="E:\Johan\DEv\Gym\src\app\components\ui\sonner.tsx">
        <metrics statements="4" coveredstatements="4" conditionals="1" coveredconditionals="1" methods="1" coveredmethods="1"/>
        <line num="4" count="1" type="stmt"/>
        <line num="6" count="1" type="stmt"/>
        <line num="7" count="91" type="cond" truecount="1" falsecount="0"/>
        <line num="9" count="91" type="stmt"/>
      </file>
      <file name="utils.ts" path="E:\Johan\DEv\Gym\src\app\components\ui\utils.ts">
        <metrics statements="1" coveredstatements="1" conditionals="0" coveredconditionals="0" methods="1" coveredmethods="1"/>
        <line num="5" count="1266" type="stmt"/>
      </file>
    </package>
    <package name="app.contexts">
      <metrics statements="83" coveredstatements="26" conditionals="51" coveredconditionals="6" methods="7" coveredmethods="5"/>
      <file name="AuthContext.tsx" path="E:\Johan\DEv\Gym\src\app\contexts\AuthContext.tsx">
        <metrics statements="83" coveredstatements="26" conditionals="51" coveredconditionals="6" methods="7" coveredmethods="5"/>
        <line num="27" count="1" type="stmt"/>
        <line num="30" count="6" type="stmt"/>
        <line num="31" count="6" type="stmt"/>
        <line num="34" count="6" type="stmt"/>
        <line num="35" count="3" type="stmt"/>
        <line num="38" count="6" type="stmt"/>
        <line num="39" count="3" type="stmt"/>
        <line num="41" count="3" type="stmt"/>
        <line num="43" count="3" type="cond" truecount="2" falsecount="2"/>
        <line num="45" count="0" type="stmt"/>
        <line num="47" count="0" type="cond" truecount="0" falsecount="2"/>
        <line num="49" count="0" type="stmt"/>
        <line num="55" count="0" type="cond" truecount="0" falsecount="4"/>
        <line num="56" count="0" type="stmt"/>
        <line num="67" count="0" type="stmt"/>
        <line num="68" count="0" type="stmt"/>
        <line num="69" count="0" type="stmt"/>
        <line num="70" count="0" type="stmt"/>
        <line num="71" count="0" type="stmt"/>
        <line num="75" count="0" type="stmt"/>
        <line num="81" count="0" type="cond" truecount="0" falsecount="4"/>
        <line num="82" count="0" type="stmt"/>
        <line num="83" count="0" type="stmt"/>
        <line num="84" count="0" type="stmt"/>
        <line num="85" count="0" type="stmt"/>
        <line num="86" count="0" type="stmt"/>
        <line num="92" count="3" type="stmt"/>
        <line num="93" count="3" type="stmt"/>
        <line num="95" count="3" type="cond" truecount="2" falsecount="2"/>
        <line num="96" count="0" type="stmt"/>
        <line num="97" count="0" type="stmt"/>
        <line num="99" count="0" type="cond" truecount="0" falsecount="2"/>
        <line num="100" count="0" type="stmt"/>
        <line num="101" count="0" type="stmt"/>
        <line num="102" count="0" type="stmt"/>
        <line num="106" count="0" type="stmt"/>
        <line num="111" count="3" type="stmt"/>
        <line num="112" count="3" type="stmt"/>
        <line num="113" count="3" type="stmt"/>
        <line num="115" count="0" type="stmt"/>
        <line num="116" count="0" type="stmt"/>
        <line num="117" count="0" type="stmt"/>
        <line num="118" count="0" type="stmt"/>
        <line num="120" count="3" type="stmt"/>
        <line num="124" count="6" type="stmt"/>
        <line num="125" count="0" type="stmt"/>
        <line num="127" count="0" type="stmt"/>
        <line num="132" count="0" type="cond" truecount="0" falsecount="4"/>
        <line num="134" count="0" type="stmt"/>
        <line num="137" count="0" type="stmt"/>
        <line num="139" count="0" type="cond" truecount="0" falsecount="2"/>
        <line num="141" count="0" type="stmt"/>
        <line num="147" count="0" type="cond" truecount="0" falsecount="2"/>
        <line num="148" count="0" type="stmt"/>
        <line num="160" count="0" type="stmt"/>
        <line num="161" count="0" type="stmt"/>
        <line num="162" count="0" type="stmt"/>
        <line num="168" count="0" type="stmt"/>
        <line num="169" count="0" type="stmt"/>
        <line num="170" count="0" type="stmt"/>
        <line num="171" count="0" type="stmt"/>
        <line num="174" count="0" type="cond" truecount="0" falsecount="3"/>
        <line num="177" count="0" type="cond" truecount="0" falsecount="2"/>
        <line num="181" count="6" type="stmt"/>
        <line num="182" count="0" type="stmt"/>
        <line num="184" count="0" type="stmt"/>
        <line num="187" count="0" type="stmt"/>
        <line num="188" count="0" type="stmt"/>
        <line num="191" count="0" type="stmt"/>
        <line num="194" count="0" type="stmt"/>
        <line num="196" count="0" type="stmt"/>
        <line num="197" count="0" type="stmt"/>
        <line num="198" count="0" type="stmt"/>
        <line num="202" count="6" type="stmt"/>
        <line num="203" count="1" type="cond" truecount="1" falsecount="1"/>
        <line num="205" count="0" type="cond" truecount="0" falsecount="2"/>
        <line num="206" count="1" type="stmt"/>
        <line num="209" count="6" type="stmt"/>
        <line num="218" count="6" type="stmt"/>
        <line num="222" count="5" type="stmt"/>
        <line num="223" count="5" type="cond" truecount="1" falsecount="1"/>
        <line num="224" count="0" type="stmt"/>
        <line num="226" count="5" type="stmt"/>
      </file>
    </package>
    <package name="app.hooks">
      <metrics statements="267" coveredstatements="84" conditionals="86" coveredconditionals="4" methods="147" coveredmethods="47"/>
      <file name="useAttendance.ts" path="E:\Johan\DEv\Gym\src\app\hooks\useAttendance.ts">
        <metrics statements="14" coveredstatements="9" conditionals="4" coveredconditionals="1" methods="11" coveredmethods="6"/>
        <line num="12" count="1" type="stmt"/>
        <line num="13" count="2" type="cond" truecount="1" falsecount="1"/>
        <line num="14" count="0" type="stmt"/>
        <line num="21" count="2" type="stmt"/>
        <line num="23" count="1" type="stmt"/>
        <line num="34" count="0" type="stmt"/>
        <line num="37" count="0" type="stmt"/>
        <line num="38" count="0" type="stmt"/>
        <line num="49" count="2" type="stmt"/>
        <line num="51" count="2" type="stmt"/>
        <line num="52" count="1" type="stmt"/>
        <line num="54" count="1" type="stmt"/>
        <line num="55" count="1" type="stmt"/>
        <line num="58" count="0" type="cond" truecount="0" falsecount="2"/>
      </file>
      <file name="useExercises.ts" path="E:\Johan\DEv\Gym\src\app\hooks\useExercises.ts">
        <metrics statements="29" coveredstatements="2" conditionals="8" coveredconditionals="0" methods="17" coveredmethods="1"/>
        <line num="15" count="1" type="stmt"/>
        <line num="56" count="2" type="stmt"/>
        <line num="67" count="0" type="stmt"/>
        <line num="69" count="0" type="stmt"/>
        <line num="79" count="0" type="stmt"/>
        <line num="81" count="0" type="stmt"/>
        <line num="84" count="0" type="stmt"/>
        <line num="85" count="0" type="stmt"/>
        <line num="89" count="0" type="stmt"/>
        <line num="92" count="0" type="cond" truecount="0" falsecount="1"/>
        <line num="94" count="0" type="stmt"/>
        <line num="97" count="0" type="stmt"/>
        <line num="98" count="0" type="cond" truecount="0" falsecount="2"/>
        <line num="107" count="0" type="stmt"/>
        <line num="109" count="0" type="stmt"/>
        <line num="111" count="0" type="stmt"/>
        <line num="114" count="0" type="stmt"/>
        <line num="115" count="0" type="stmt"/>
        <line num="117" count="0" type="stmt"/>
        <line num="120" count="0" type="stmt"/>
        <line num="121" count="0" type="cond" truecount="0" falsecount="2"/>
        <line num="130" count="0" type="stmt"/>
        <line num="132" count="0" type="stmt"/>
        <line num="136" count="0" type="cond" truecount="0" falsecount="1"/>
        <line num="137" count="0" type="stmt"/>
        <line num="141" count="0" type="stmt"/>
        <line num="143" count="0" type="stmt"/>
        <line num="146" count="0" type="stmt"/>
        <line num="147" count="0" type="cond" truecount="0" falsecount="2"/>
      </file>
      <file name="useInvoices.ts" path="E:\Johan\DEv\Gym\src\app\hooks\useInvoices.ts">
        <metrics statements="13" coveredstatements="10" conditionals="0" coveredconditionals="0" methods="9" coveredmethods="6"/>
        <line num="5" count="1" type="stmt"/>
        <line num="7" count="0" type="stmt"/>
        <line num="11" count="2" type="stmt"/>
        <line num="13" count="1" type="stmt"/>
        <line num="21" count="0" type="stmt"/>
        <line num="23" count="0" type="stmt"/>
        <line num="32" count="4" type="stmt"/>
        <line num="33" count="4" type="stmt"/>
        <line num="35" count="2" type="stmt"/>
        <line num="37" count="1" type="stmt"/>
        <line num="38" count="1" type="stmt"/>
        <line num="39" count="1" type="stmt"/>
        <line num="42" count="1" type="stmt"/>
      </file>
      <file name="usePayments.ts" path="E:\Johan\DEv\Gym\src\app\hooks\usePayments.ts">
        <metrics statements="20" coveredstatements="2" conditionals="6" coveredconditionals="0" methods="8" coveredmethods="1"/>
        <line num="12" count="1" type="stmt"/>
        <line num="14" count="0" type="stmt"/>
        <line num="21" count="2" type="stmt"/>
        <line num="35" count="0" type="stmt"/>
        <line num="38" count="0" type="stmt"/>
        <line num="39" count="0" type="stmt"/>
        <line num="40" count="0" type="stmt"/>
        <line num="41" count="0" type="stmt"/>
        <line num="55" count="0" type="stmt"/>
        <line num="57" count="0" type="stmt"/>
        <line num="58" count="0" type="stmt"/>
        <line num="61" count="0" type="stmt"/>
        <line num="63" count="0" type="stmt"/>
        <line num="65" count="0" type="stmt"/>
        <line num="66" count="0" type="stmt"/>
        <line num="69" count="0" type="stmt"/>
        <line num="70" count="0" type="cond" truecount="0" falsecount="2"/>
        <line num="72" count="0" type="cond" truecount="0" falsecount="4"/>
        <line num="73" count="0" type="stmt"/>
        <line num="77" count="0" type="stmt"/>
      </file>
      <file name="usePlans.ts" path="E:\Johan\DEv\Gym\src\app\hooks\usePlans.ts">
        <metrics statements="20" coveredstatements="17" conditionals="0" coveredconditionals="0" methods="13" coveredmethods="10"/>
        <line num="5" count="1" type="stmt"/>
        <line num="10" count="4" type="stmt"/>
        <line num="19" count="2" type="stmt"/>
        <line num="20" count="2" type="stmt"/>
        <line num="21" count="1" type="stmt"/>
        <line num="23" count="1" type="stmt"/>
        <line num="24" count="1" type="stmt"/>
        <line num="27" count="0" type="stmt"/>
        <line num="33" count="2" type="stmt"/>
        <line num="34" count="2" type="stmt"/>
        <line num="35" count="1" type="stmt"/>
        <line num="37" count="1" type="stmt"/>
        <line num="38" count="1" type="stmt"/>
        <line num="41" count="0" type="stmt"/>
        <line num="47" count="2" type="stmt"/>
        <line num="48" count="2" type="stmt"/>
        <line num="49" count="1" type="stmt"/>
        <line num="51" count="1" type="stmt"/>
        <line num="52" count="1" type="stmt"/>
        <line num="55" count="0" type="stmt"/>
      </file>
      <file name="useRoutines.ts" path="E:\Johan\DEv\Gym\src\app\hooks\useRoutines.ts">
        <metrics statements="77" coveredstatements="2" conditionals="22" coveredconditionals="0" methods="51" coveredmethods="1"/>
        <line num="12" count="1" type="stmt"/>
        <line num="14" count="0" type="stmt"/>
        <line num="16" count="0" type="cond" truecount="0" falsecount="2"/>
        <line num="17" count="0" type="stmt"/>
        <line num="18" count="0" type="stmt"/>
        <line num="25" count="2" type="stmt"/>
        <line num="37" count="0" type="stmt"/>
        <line num="39" count="0" type="stmt"/>
        <line num="49" count="0" type="stmt"/>
        <line num="51" count="0" type="stmt"/>
        <line num="52" count="0" type="stmt"/>
        <line num="54" count="0" type="stmt"/>
        <line num="55" count="0" type="stmt"/>
        <line num="58" count="0" type="stmt"/>
        <line num="59" count="0" type="cond" truecount="0" falsecount="2"/>
        <line num="68" count="0" type="stmt"/>
        <line num="70" count="0" type="stmt"/>
        <line num="72" count="0" type="stmt"/>
        <line num="74" count="0" type="stmt"/>
        <line num="75" count="0" type="stmt"/>
        <line num="78" count="0" type="stmt"/>
        <line num="79" count="0" type="cond" truecount="0" falsecount="2"/>
        <line num="88" count="0" type="stmt"/>
        <line num="90" count="0" type="stmt"/>
        <line num="91" count="0" type="stmt"/>
        <line num="93" count="0" type="stmt"/>
        <line num="94" count="0" type="stmt"/>
        <line num="97" count="0" type="stmt"/>
        <line num="98" count="0" type="cond" truecount="0" falsecount="2"/>
        <line num="107" count="0" type="stmt"/>
        <line num="109" count="0" type="stmt"/>
        <line num="111" count="0" type="stmt"/>
        <line num="113" count="0" type="stmt"/>
        <line num="114" count="0" type="cond" truecount="0" falsecount="2"/>
        <line num="117" count="0" type="stmt"/>
        <line num="118" count="0" type="cond" truecount="0" falsecount="2"/>
        <line num="127" count="0" type="stmt"/>
        <line num="129" count="0" type="stmt"/>
        <line num="139" count="0" type="stmt"/>
        <line num="141" count="0" type="stmt"/>
        <line num="152" count="0" type="stmt"/>
        <line num="154" count="0" type="stmt"/>
        <line num="155" count="0" type="stmt"/>
        <line num="157" count="0" type="stmt"/>
        <line num="158" count="0" type="stmt"/>
        <line num="161" count="0" type="cond" truecount="0" falsecount="2"/>
        <line num="170" count="0" type="stmt"/>
        <line num="172" count="0" type="stmt"/>
        <line num="183" count="0" type="stmt"/>
        <line num="185" count="0" type="stmt"/>
        <line num="196" count="0" type="stmt"/>
        <line num="198" count="0" type="stmt"/>
        <line num="204" count="0" type="stmt"/>
        <line num="206" count="0" type="stmt"/>
        <line num="207" count="0" type="stmt"/>
        <line num="210" count="0" type="stmt"/>
        <line num="211" count="0" type="cond" truecount="0" falsecount="2"/>
        <line num="220" count="0" type="stmt"/>
        <line num="222" count="0" type="stmt"/>
        <line num="223" count="0" type="stmt"/>
        <line num="225" count="0" type="stmt"/>
        <line num="226" count="0" type="stmt"/>
        <line num="229" count="0" type="stmt"/>
        <line num="230" count="0" type="cond" truecount="0" falsecount="2"/>
        <line num="239" count="0" type="stmt"/>
        <line num="241" count="0" type="stmt"/>
        <line num="249" count="0" type="stmt"/>
        <line num="251" count="0" type="stmt"/>
        <line num="252" count="0" type="stmt"/>
        <line num="255" count="0" type="stmt"/>
        <line num="256" count="0" type="cond" truecount="0" falsecount="2"/>
        <line num="265" count="0" type="stmt"/>
        <line num="267" count="0" type="stmt"/>
        <line num="274" count="0" type="stmt"/>
        <line num="276" count="0" type="stmt"/>
        <line num="279" count="0" type="stmt"/>
        <line num="280" count="0" type="cond" truecount="0" falsecount="2"/>
      </file>
      <file name="useStaff.ts" path="E:\Johan\DEv\Gym\src\app\hooks\useStaff.ts">
        <metrics statements="33" coveredstatements="15" conditionals="18" coveredconditionals="0" methods="14" coveredmethods="8"/>
        <line num="11" count="1" type="stmt"/>
        <line num="13" count="0" type="stmt"/>
        <line num="20" count="4" type="stmt"/>
        <line num="32" count="0" type="stmt"/>
        <line num="34" count="0" type="stmt"/>
        <line num="44" count="2" type="stmt"/>
        <line num="46" count="2" type="stmt"/>
        <line num="49" count="1" type="stmt"/>
        <line num="50" count="1" type="stmt"/>
        <line num="53" count="0" type="stmt"/>
        <line num="54" count="0" type="cond" truecount="0" falsecount="2"/>
        <line num="56" count="0" type="cond" truecount="0" falsecount="4"/>
        <line num="57" count="0" type="stmt"/>
        <line num="61" count="0" type="stmt"/>
        <line num="73" count="2" type="stmt"/>
        <line num="75" count="2" type="stmt"/>
        <line num="76" count="1" type="stmt"/>
        <line num="78" count="1" type="stmt"/>
        <line num="79" count="1" type="stmt"/>
        <line num="82" count="0" type="stmt"/>
        <line num="83" count="0" type="cond" truecount="0" falsecount="2"/>
        <line num="85" count="0" type="cond" truecount="0" falsecount="4"/>
        <line num="86" count="0" type="stmt"/>
        <line num="90" count="0" type="stmt"/>
        <line num="102" count="2" type="stmt"/>
        <line num="104" count="2" type="stmt"/>
        <line num="107" count="1" type="stmt"/>
        <line num="108" count="1" type="stmt"/>
        <line num="111" count="0" type="stmt"/>
        <line num="112" count="0" type="cond" truecount="0" falsecount="2"/>
        <line num="114" count="0" type="cond" truecount="0" falsecount="4"/>
        <line num="115" count="0" type="stmt"/>
        <line num="119" count="0" type="stmt"/>
      </file>
      <file name="useStats.ts" path="E:\Johan\DEv\Gym\src\app\hooks\useStats.ts">
        <metrics statements="2" coveredstatements="2" conditionals="0" coveredconditionals="0" methods="1" coveredmethods="1"/>
        <line num="10" count="1" type="stmt"/>
        <line num="18" count="2" type="stmt"/>
      </file>
      <file name="useUsers.ts" path="E:\Johan\DEv\Gym\src\app\hooks\useUsers.ts">
        <metrics statements="59" coveredstatements="25" conditionals="28" coveredconditionals="3" methods="23" coveredmethods="13"/>
        <line num="13" count="1" type="stmt"/>
        <line num="15" count="4" type="stmt"/>
        <line num="22" count="4" type="stmt"/>
        <line num="36" count="3" type="stmt"/>
        <line num="38" count="1" type="stmt"/>
        <line num="48" count="2" type="stmt"/>
        <line num="50" count="2" type="stmt"/>
        <line num="53" count="1" type="stmt"/>
        <line num="56" count="1" type="stmt"/>
        <line num="57" count="1" type="stmt"/>
        <line num="59" count="1" type="stmt"/>
        <line num="73" count="1" type="cond" truecount="1" falsecount="1"/>
        <line num="74" count="0" type="cond" truecount="0" falsecount="2"/>
        <line num="77" count="1" type="stmt"/>
        <line num="84" count="1" type="stmt"/>
        <line num="88" count="0" type="stmt"/>
        <line num="89" count="0" type="cond" truecount="0" falsecount="2"/>
        <line num="91" count="0" type="cond" truecount="0" falsecount="4"/>
        <line num="92" count="0" type="stmt"/>
        <line num="96" count="0" type="stmt"/>
        <line num="108" count="2" type="stmt"/>
        <line num="110" count="2" type="stmt"/>
        <line num="112" count="1" type="stmt"/>
        <line num="115" count="1" type="stmt"/>
        <line num="116" count="1" type="stmt"/>
        <line num="117" count="1" type="stmt"/>
        <line num="120" count="0" type="stmt"/>
        <line num="121" count="0" type="cond" truecount="0" falsecount="2"/>
        <line num="123" count="0" type="cond" truecount="0" falsecount="4"/>
        <line num="124" count="0" type="stmt"/>
        <line num="128" count="0" type="stmt"/>
        <line num="140" count="2" type="stmt"/>
        <line num="142" count="2" type="stmt"/>
        <line num="143" count="1" type="stmt"/>
        <line num="145" count="1" type="stmt"/>
        <line num="146" count="1" type="stmt"/>
        <line num="149" count="0" type="stmt"/>
        <line num="150" count="0" type="cond" truecount="0" falsecount="2"/>
        <line num="152" count="0" type="cond" truecount="0" falsecount="4"/>
        <line num="153" count="0" type="stmt"/>
        <line num="157" count="0" type="stmt"/>
        <line num="169" count="0" type="stmt"/>
        <line num="171" count="0" type="stmt"/>
        <line num="173" count="0" type="stmt"/>
        <line num="175" count="0" type="stmt"/>
        <line num="178" count="0" type="stmt"/>
        <line num="179" count="0" type="stmt"/>
        <line num="182" count="0" type="stmt"/>
        <line num="185" count="0" type="cond" truecount="0" falsecount="2"/>
        <line num="188" count="0" type="stmt"/>
        <line num="191" count="0" type="stmt"/>
        <line num="192" count="0" type="cond" truecount="0" falsecount="2"/>
        <line num="194" count="0" type="stmt"/>
        <line num="205" count="0" type="stmt"/>
        <line num="217" count="0" type="stmt"/>
        <line num="220" count="0" type="stmt"/>
        <line num="221" count="0" type="stmt"/>
        <line num="222" count="0" type="stmt"/>
        <line num="223" count="0" type="stmt"/>
      </file>
    </package>
    <package name="app.lib">
      <metrics statements="371" coveredstatements="105" conditionals="211" coveredconditionals="55" methods="75" coveredmethods="30"/>
      <file name="api.ts" path="E:\Johan\DEv\Gym\src\app\lib\api.ts">
        <metrics statements="340" coveredstatements="77" conditionals="191" coveredconditionals="40" methods="63" coveredmethods="20"/>
        <line num="7" count="8" type="stmt"/>
        <line num="8" count="8" type="stmt"/>
        <line num="11" count="8" type="stmt"/>
        <line num="49" count="22" type="stmt"/>
        <line num="52" count="22" type="cond" truecount="2" falsecount="0"/>
        <line num="53" count="22" type="cond" truecount="1" falsecount="1"/>
        <line num="54" count="22" type="cond" truecount="2" falsecount="0"/>
        <line num="57" count="22" type="stmt"/>
        <line num="59" count="22" type="stmt"/>
        <line num="61" count="22" type="stmt"/>
        <line num="62" count="22" type="stmt"/>
        <line num="63" count="22" type="cond" truecount="0" falsecount="2"/>
        <line num="64" count="0" type="stmt"/>
        <line num="67" count="0" type="stmt"/>
        <line num="68" count="0" type="cond" truecount="0" falsecount="2"/>
        <line num="69" count="0" type="stmt"/>
        <line num="76" count="22" type="stmt"/>
        <line num="86" count="22" type="cond" truecount="2" falsecount="0"/>
        <line num="87" count="1" type="stmt"/>
        <line num="88" count="1" type="stmt"/>
        <line num="89" count="1" type="stmt"/>
        <line num="94" count="21" type="stmt"/>
        <line num="96" count="21" type="cond" truecount="3" falsecount="1"/>
        <line num="97" count="21" type="stmt"/>
        <line num="98" count="21" type="cond" truecount="4" falsecount="0"/>
        <line num="99" count="1" type="stmt"/>
        <line num="102" count="0" type="stmt"/>
        <line num="105" count="0" type="stmt"/>
        <line num="106" count="0" type="stmt"/>
        <line num="107" count="0" type="stmt"/>
        <line num="110" count="21" type="cond" truecount="2" falsecount="0"/>
        <line num="112" count="1" type="cond" truecount="1" falsecount="1"/>
        <line num="114" count="0" type="cond" truecount="0" falsecount="3"/>
        <line num="115" count="0" type="stmt"/>
        <line num="116" count="0" type="stmt"/>
        <line num="120" count="1" type="cond" truecount="1" falsecount="3"/>
        <line num="122" count="1" type="stmt"/>
        <line num="125" count="1" type="stmt"/>
        <line num="126" count="1" type="stmt"/>
        <line num="127" count="1" type="stmt"/>
        <line num="129" count="1" type="stmt"/>
        <line num="132" count="20" type="stmt"/>
        <line num="135" count="2" type="cond" truecount="1" falsecount="1"/>
        <line num="136" count="2" type="stmt"/>
        <line num="140" count="0" type="cond" truecount="0" falsecount="4"/>
        <line num="141" count="0" type="stmt"/>
        <line num="142" count="0" type="stmt"/>
        <line num="143" count="0" type="stmt"/>
        <line num="147" count="0" type="stmt"/>
        <line num="155" count="8" type="stmt"/>
        <line num="161" count="0" type="stmt"/>
        <line num="167" count="0" type="cond" truecount="0" falsecount="2"/>
        <line num="168" count="0" type="stmt"/>
        <line num="169" count="0" type="stmt"/>
        <line num="172" count="0" type="stmt"/>
        <line num="178" count="0" type="stmt"/>
        <line num="185" count="0" type="stmt"/>
        <line num="186" count="0" type="stmt"/>
        <line num="188" count="0" type="cond" truecount="0" falsecount="4"/>
        <line num="189" count="0" type="stmt"/>
        <line num="191" count="0" type="stmt"/>
        <line num="200" count="0" type="stmt"/>
        <line num="201" count="0" type="stmt"/>
        <line num="204" count="0" type="stmt"/>
        <line num="205" count="0" type="stmt"/>
        <line num="206" count="0" type="stmt"/>
        <line num="208" count="0" type="stmt"/>
        <line num="225" count="0" type="stmt"/>
        <line num="235" count="0" type="stmt"/>
        <line num="236" count="0" type="cond" truecount="0" falsecount="2"/>
        <line num="243" count="0" type="stmt"/>
        <line num="252" count="1" type="cond" truecount="1" falsecount="1"/>
        <line num="255" count="1" type="stmt"/>
        <line num="256" count="1" type="cond" truecount="3" falsecount="2"/>
        <line num="257" count="0" type="stmt"/>
        <line num="258" count="0" type="stmt"/>
        <line num="263" count="0" type="cond" truecount="0" falsecount="2"/>
        <line num="265" count="0" type="stmt"/>
        <line num="270" count="1" type="stmt"/>
        <line num="271" count="1" type="cond" truecount="1" falsecount="1"/>
        <line num="272" count="0" type="stmt"/>
        <line num="273" count="0" type="stmt"/>
        <line num="278" count="0" type="stmt"/>
        <line num="284" count="1" type="stmt"/>
        <line num="301" count="8" type="stmt"/>
        <line num="306" count="2" type="stmt"/>
        <line num="313" count="1" type="stmt"/>
        <line num="315" count="1" type="stmt"/>
        <line num="317" count="1" type="stmt"/>
        <line num="320" count="0" type="stmt"/>
        <line num="322" count="0" type="stmt"/>
        <line num="328" count="0" type="cond" truecount="0" falsecount="2"/>
        <line num="329" count="0" type="stmt"/>
        <line num="330" count="0" type="cond" truecount="0" falsecount="2"/>
        <line num="333" count="0" type="stmt"/>
        <line num="341" count="0" type="stmt"/>
        <line num="351" count="1" type="stmt"/>
        <line num="361" count="1" type="stmt"/>
        <line num="370" count="0" type="stmt"/>
        <line num="372" count="0" type="stmt"/>
        <line num="378" count="0" type="stmt"/>
        <line num="380" count="0" type="stmt"/>
        <line num="390" count="0" type="cond" truecount="0" falsecount="2"/>
        <line num="391" count="0" type="stmt"/>
        <line num="392" count="0" type="cond" truecount="0" falsecount="2"/>
        <line num="395" count="0" type="stmt"/>
        <line num="396" count="0" type="stmt"/>
        <line num="404" count="0" type="stmt"/>
        <line num="412" count="8" type="stmt"/>
        <line num="414" count="2" type="stmt"/>
        <line num="423" count="1" type="stmt"/>
        <line num="436" count="1" type="stmt"/>
        <line num="443" count="1" type="stmt"/>
        <line num="453" count="8" type="stmt"/>
        <line num="454" count="0" type="stmt"/>
        <line num="455" count="0" type="stmt"/>
        <line num="456" count="0" type="stmt"/>
        <line num="463" count="8" type="stmt"/>
        <line num="465" count="1" type="cond" truecount="1" falsecount="1"/>
        <line num="466" count="1" type="stmt"/>
        <line num="470" count="0" type="stmt"/>
        <line num="478" count="2" type="stmt"/>
        <line num="489" count="8" type="stmt"/>
        <line num="494" count="2" type="stmt"/>
        <line num="501" count="0" type="stmt"/>
        <line num="508" count="0" type="stmt"/>
        <line num="510" count="0" type="stmt"/>
        <line num="513" count="0" type="stmt"/>
        <line num="515" count="0" type="stmt"/>
        <line num="522" count="0" type="cond" truecount="0" falsecount="2"/>
        <line num="523" count="0" type="stmt"/>
        <line num="524" count="0" type="cond" truecount="0" falsecount="2"/>
        <line num="527" count="0" type="stmt"/>
        <line num="528" count="0" type="stmt"/>
        <line num="543" count="1" type="stmt"/>
        <line num="553" count="1" type="stmt"/>
        <line num="563" count="1" type="stmt"/>
        <line num="573" count="8" type="stmt"/>
        <line num="578" count="0" type="stmt"/>
        <line num="584" count="0" type="cond" truecount="0" falsecount="2"/>
        <line num="585" count="0" type="stmt"/>
        <line num="599" count="0" type="stmt"/>
        <line num="608" count="0" type="cond" truecount="0" falsecount="2"/>
        <line num="609" count="0" type="stmt"/>
        <line num="616" count="0" type="stmt"/>
        <line num="621" count="0" type="cond" truecount="0" falsecount="2"/>
        <line num="629" count="8" type="stmt"/>
        <line num="634" count="1" type="cond" truecount="1" falsecount="1"/>
        <line num="635" count="1" type="stmt"/>
        <line num="647" count="1" type="stmt"/>
        <line num="658" count="8" type="stmt"/>
        <line num="663" count="1" type="stmt"/>
        <line num="664" count="1" type="stmt"/>
        <line num="666" count="0" type="stmt"/>
        <line num="668" count="0" type="stmt"/>
        <line num="673" count="0" type="cond" truecount="0" falsecount="2"/>
        <line num="674" count="0" type="stmt"/>
        <line num="675" count="0" type="stmt"/>
        <line num="677" count="0" type="stmt"/>
        <line num="685" count="0" type="stmt"/>
        <line num="686" count="0" type="stmt"/>
        <line num="688" count="0" type="stmt"/>
        <line num="690" count="0" type="stmt"/>
        <line num="696" count="0" type="cond" truecount="0" falsecount="2"/>
        <line num="697" count="0" type="stmt"/>
        <line num="721" count="0" type="stmt"/>
        <line num="722" count="0" type="stmt"/>
        <line num="727" count="0" type="stmt"/>
        <line num="730" count="0" type="stmt"/>
        <line num="731" count="0" type="stmt"/>
        <line num="733" count="0" type="stmt"/>
        <line num="745" count="0" type="cond" truecount="0" falsecount="2"/>
        <line num="747" count="0" type="cond" truecount="0" falsecount="2"/>
        <line num="748" count="0" type="stmt"/>
        <line num="750" count="0" type="stmt"/>
        <line num="752" count="0" type="stmt"/>
        <line num="776" count="0" type="stmt"/>
        <line num="777" count="0" type="stmt"/>
        <line num="782" count="0" type="stmt"/>
        <line num="784" count="0" type="stmt"/>
        <line num="794" count="0" type="cond" truecount="0" falsecount="2"/>
        <line num="795" count="0" type="stmt"/>
        <line num="803" count="0" type="stmt"/>
        <line num="804" count="0" type="stmt"/>
        <line num="808" count="0" type="stmt"/>
        <line num="810" count="0" type="stmt"/>
        <line num="815" count="0" type="cond" truecount="0" falsecount="2"/>
        <line num="824" count="8" type="stmt"/>
        <line num="830" count="0" type="stmt"/>
        <line num="832" count="0" type="stmt"/>
        <line num="833" count="0" type="stmt"/>
        <line num="838" count="0" type="cond" truecount="0" falsecount="2"/>
        <line num="839" count="0" type="stmt"/>
        <line num="840" count="0" type="stmt"/>
        <line num="841" count="0" type="stmt"/>
        <line num="844" count="0" type="cond" truecount="0" falsecount="5"/>
        <line num="845" count="0" type="stmt"/>
        <line num="846" count="0" type="stmt"/>
        <line num="849" count="0" type="stmt"/>
        <line num="852" count="0" type="cond" truecount="0" falsecount="4"/>
        <line num="853" count="0" type="stmt"/>
        <line num="854" count="0" type="stmt"/>
        <line num="857" count="0" type="stmt"/>
        <line num="860" count="0" type="stmt"/>
        <line num="862" count="0" type="stmt"/>
        <line num="864" count="0" type="stmt"/>
        <line num="871" count="0" type="cond" truecount="0" falsecount="2"/>
        <line num="872" count="0" type="stmt"/>
        <line num="876" count="0" type="stmt"/>
        <line num="882" count="0" type="cond" truecount="0" falsecount="2"/>
        <line num="883" count="0" type="stmt"/>
        <line num="886" count="0" type="stmt"/>
        <line num="892" count="0" type="stmt"/>
        <line num="893" count="0" type="stmt"/>
        <line num="902" count="0" type="stmt"/>
        <line num="903" count="0" type="stmt"/>
        <line num="906" count="0" type="stmt"/>
        <line num="907" count="0" type="stmt"/>
        <line num="909" count="0" type="stmt"/>
        <line num="917" count="0" type="stmt"/>
        <line num="918" count="0" type="stmt"/>
        <line num="920" count="0" type="stmt"/>
        <line num="922" count="0" type="stmt"/>
        <line num="928" count="0" type="cond" truecount="0" falsecount="2"/>
        <line num="931" count="0" type="stmt"/>
        <line num="939" count="0" type="stmt"/>
        <line num="945" count="0" type="stmt"/>
        <line num="974" count="0" type="stmt"/>
        <line num="975" count="0" type="stmt"/>
        <line num="980" count="0" type="stmt"/>
        <line num="983" count="0" type="stmt"/>
        <line num="998" count="0" type="cond" truecount="0" falsecount="2"/>
        <line num="1001" count="0" type="cond" truecount="0" falsecount="4"/>
        <line num="1002" count="0" type="stmt"/>
        <line num="1007" count="0" type="stmt"/>
        <line num="1011" count="0" type="cond" truecount="0" falsecount="2"/>
        <line num="1014" count="0" type="stmt"/>
        <line num="1039" count="0" type="stmt"/>
        <line num="1040" count="0" type="stmt"/>
        <line num="1045" count="0" type="stmt"/>
        <line num="1048" count="0" type="stmt"/>
        <line num="1051" count="0" type="stmt"/>
        <line num="1061" count="0" type="cond" truecount="0" falsecount="2"/>
        <line num="1064" count="0" type="cond" truecount="0" falsecount="4"/>
        <line num="1066" count="0" type="stmt"/>
        <line num="1072" count="0" type="cond" truecount="0" falsecount="2"/>
        <line num="1073" count="0" type="stmt"/>
        <line num="1078" count="0" type="stmt"/>
        <line num="1082" count="0" type="cond" truecount="0" falsecount="2"/>
        <line num="1086" count="0" type="stmt"/>
        <line num="1094" count="0" type="stmt"/>
        <line num="1095" count="0" type="stmt"/>
        <line num="1099" count="0" type="stmt"/>
        <line num="1102" count="0" type="stmt"/>
        <line num="1108" count="0" type="stmt"/>
        <line num="1113" count="0" type="cond" truecount="0" falsecount="2"/>
        <line num="1129" count="0" type="stmt"/>
        <line num="1130" count="0" type="stmt"/>
        <line num="1135" count="0" type="stmt"/>
        <line num="1137" count="0" type="stmt"/>
        <line num="1146" count="0" type="cond" truecount="0" falsecount="2"/>
        <line num="1147" count="0" type="stmt"/>
        <line num="1155" count="0" type="stmt"/>
        <line num="1156" count="0" type="stmt"/>
        <line num="1160" count="0" type="stmt"/>
        <line num="1162" count="0" type="stmt"/>
        <line num="1167" count="0" type="cond" truecount="0" falsecount="2"/>
        <line num="1176" count="8" type="stmt"/>
        <line num="1182" count="0" type="stmt"/>
        <line num="1183" count="0" type="cond" truecount="0" falsecount="2"/>
        <line num="1184" count="0" type="stmt"/>
        <line num="1186" count="0" type="stmt"/>
        <line num="1187" count="0" type="stmt"/>
        <line num="1189" count="0" type="stmt"/>
        <line num="1191" count="0" type="stmt"/>
        <line num="1223" count="0" type="cond" truecount="0" falsecount="2"/>
        <line num="1224" count="0" type="stmt"/>
        <line num="1227" count="0" type="stmt"/>
        <line num="1229" count="0" type="cond" truecount="0" falsecount="2"/>
        <line num="1230" count="0" type="stmt"/>
        <line num="1231" count="0" type="stmt"/>
        <line num="1234" count="0" type="cond" truecount="0" falsecount="2"/>
        <line num="1235" count="0" type="cond" truecount="0" falsecount="2"/>
        <line num="1238" count="0" type="stmt"/>
        <line num="1239" count="0" type="stmt"/>
        <line num="1248" count="0" type="stmt"/>
        <line num="1249" count="0" type="stmt"/>
        <line num="1251" count="0" type="stmt"/>
        <line num="1253" count="0" type="stmt"/>
        <line num="1278" count="0" type="cond" truecount="0" falsecount="2"/>
        <line num="1279" count="0" type="stmt"/>
        <line num="1294" count="0" type="stmt"/>
        <line num="1295" count="0" type="stmt"/>
        <line num="1300" count="0" type="stmt"/>
        <line num="1303" count="0" type="stmt"/>
        <line num="1316" count="0" type="cond" truecount="0" falsecount="2"/>
        <line num="1317" count="0" type="stmt"/>
        <line num="1325" count="0" type="stmt"/>
        <line num="1326" count="0" type="stmt"/>
        <line num="1330" count="0" type="stmt"/>
        <line num="1332" count="0" type="stmt"/>
        <line num="1342" count="0" type="cond" truecount="0" falsecount="2"/>
        <line num="1343" count="0" type="stmt"/>
        <line num="1352" count="8" type="stmt"/>
        <line num="1357" count="0" type="stmt"/>
        <line num="1358" count="0" type="stmt"/>
        <line num="1360" count="0" type="stmt"/>
        <line num="1362" count="0" type="stmt"/>
        <line num="1386" count="0" type="cond" truecount="0" falsecount="2"/>
        <line num="1387" count="0" type="stmt"/>
        <line num="1400" count="0" type="stmt"/>
        <line num="1401" count="0" type="stmt"/>
        <line num="1406" count="0" type="stmt"/>
        <line num="1408" count="0" type="stmt"/>
        <line num="1417" count="0" type="cond" truecount="0" falsecount="2"/>
        <line num="1418" count="0" type="stmt"/>
        <line num="1426" count="0" type="stmt"/>
        <line num="1427" count="0" type="stmt"/>
        <line num="1431" count="0" type="stmt"/>
        <line num="1433" count="0" type="stmt"/>
        <line num="1443" count="0" type="cond" truecount="0" falsecount="2"/>
        <line num="1444" count="0" type="stmt"/>
        <line num="1453" count="8" type="stmt"/>
        <line num="1465" count="0" type="stmt"/>
        <line num="1466" count="0" type="stmt"/>
        <line num="1471" count="0" type="stmt"/>
        <line num="1473" count="0" type="stmt"/>
        <line num="1482" count="0" type="cond" truecount="0" falsecount="2"/>
        <line num="1483" count="0" type="stmt"/>
        <line num="1497" count="0" type="stmt"/>
        <line num="1498" count="0" type="stmt"/>
        <line num="1503" count="0" type="stmt"/>
        <line num="1505" count="0" type="stmt"/>
        <line num="1512" count="0" type="cond" truecount="0" falsecount="2"/>
        <line num="1513" count="0" type="stmt"/>
        <line num="1522" count="8" type="stmt"/>
        <line num="1527" count="1" type="stmt"/>
        <line num="1535" count="8" type="stmt"/>
        <line num="1540" count="0" type="stmt"/>
        <line num="1547" count="0" type="stmt"/>
      </file>
      <file name="format.ts" path="E:\Johan\DEv\Gym\src\app\lib\format.ts">
        <metrics statements="9" coveredstatements="9" conditionals="6" coveredconditionals="6" methods="1" coveredmethods="1"/>
        <line num="2" count="9" type="cond" truecount="2" falsecount="0"/>
        <line num="3" count="6" type="stmt"/>
        <line num="4" count="6" type="cond" truecount="2" falsecount="0"/>
        <line num="6" count="5" type="cond" truecount="2" falsecount="0"/>
        <line num="7" count="1" type="stmt"/>
        <line num="15" count="4" type="stmt"/>
        <line num="16" count="4" type="stmt"/>
        <line num="17" count="4" type="stmt"/>
        <line num="18" count="4" type="stmt"/>
      </file>
      <file name="validations.ts" path="E:\Johan\DEv\Gym\src\app\lib\validations.ts">
        <metrics statements="22" coveredstatements="19" conditionals="14" coveredconditionals="9" methods="11" coveredmethods="9"/>
        <line num="12" count="1" type="stmt"/>
        <line num="68" count="1" type="stmt"/>
        <line num="82" count="9" type="cond" truecount="4" falsecount="0"/>
        <line num="87" count="9" type="cond" truecount="3" falsecount="1"/>
        <line num="93" count="9" type="cond" truecount="2" falsecount="2"/>
        <line num="94" count="0" type="cond" truecount="0" falsecount="2"/>
        <line num="115" count="1" type="stmt"/>
        <line num="159" count="1" type="stmt"/>
        <line num="173" count="1" type="stmt"/>
        <line num="177" count="1" type="stmt"/>
        <line num="197" count="1" type="stmt"/>
        <line num="214" count="1" type="stmt"/>
        <line num="226" count="0" type="stmt"/>
        <line num="237" count="1" type="stmt"/>
        <line num="253" count="1" type="stmt"/>
        <line num="264" count="1" type="stmt"/>
        <line num="289" count="1" type="stmt"/>
        <line num="326" count="1" type="stmt"/>
        <line num="340" count="0" type="stmt"/>
        <line num="355" count="1" type="stmt"/>
        <line num="367" count="1" type="stmt"/>
        <line num="377" count="1" type="stmt"/>
      </file>
    </package>
    <package name="app.pages">
      <metrics statements="102" coveredstatements="39" conditionals="63" coveredconditionals="32" methods="19" coveredmethods="8"/>
      <file name="Login.tsx" path="E:\Johan\DEv\Gym\src\app\pages\Login.tsx">
        <metrics statements="102" coveredstatements="39" conditionals="63" coveredconditionals="32" methods="19" coveredmethods="8"/>
        <line num="15" count="91" type="stmt"/>
        <line num="16" count="91" type="stmt"/>
        <line num="17" count="91" type="stmt"/>
        <line num="18" count="91" type="stmt"/>
        <line num="19" count="91" type="stmt"/>
        <line num="20" count="91" type="stmt"/>
        <line num="21" count="91" type="stmt"/>
        <line num="22" count="91" type="stmt"/>
        <line num="23" count="91" type="stmt"/>
        <line num="24" count="91" type="stmt"/>
        <line num="26" count="91" type="stmt"/>
        <line num="27" count="91" type="stmt"/>
        <line num="30" count="91" type="stmt"/>
        <line num="31" count="6" type="cond" truecount="1" falsecount="1"/>
        <line num="32" count="0" type="cond" truecount="0" falsecount="2"/>
        <line num="33" count="0" type="stmt"/>
        <line num="35" count="0" type="stmt"/>
        <line num="40" count="91" type="stmt"/>
        <line num="41" count="2" type="stmt"/>
        <line num="42" count="2" type="stmt"/>
        <line num="43" count="2" type="stmt"/>
        <line num="45" count="2" type="stmt"/>
        <line num="46" count="2" type="stmt"/>
        <line num="48" count="1" type="cond" truecount="1" falsecount="1"/>
        <line num="50" count="2" type="stmt"/>
        <line num="54" count="91" type="stmt"/>
        <line num="55" count="2" type="stmt"/>
        <line num="56" count="2" type="stmt"/>
        <line num="59" count="2" type="cond" truecount="2" falsecount="0"/>
        <line num="60" count="1" type="stmt"/>
        <line num="61" count="1" type="stmt"/>
        <line num="64" count="1" type="cond" truecount="1" falsecount="1"/>
        <line num="65" count="1" type="stmt"/>
        <line num="66" count="1" type="stmt"/>
        <line num="69" count="0" type="cond" truecount="0" falsecount="2"/>
        <line num="70" count="0" type="stmt"/>
        <line num="71" count="0" type="stmt"/>
        <line num="74" count="0" type="cond" truecount="0" falsecount="2"/>
        <line num="75" count="0" type="stmt"/>
        <line num="76" count="0" type="stmt"/>
        <line num="79" count="0" type="stmt"/>
        <line num="81" count="0" type="stmt"/>
        <line num="83" count="0" type="stmt"/>
        <line num="86" count="0" type="stmt"/>
        <line num="98" count="0" type="cond" truecount="0" falsecount="2"/>
        <line num="99" count="0" type="stmt"/>
        <line num="102" count="0" type="cond" truecount="0" falsecount="2"/>
        <line num="103" count="0" type="stmt"/>
        <line num="107" count="0" type="stmt"/>
        <line num="122" count="0" type="cond" truecount="0" falsecount="2"/>
        <line num="124" count="0" type="stmt"/>
        <line num="125" count="0" type="stmt"/>
        <line num="128" count="0" type="stmt"/>
        <line num="131" count="0" type="stmt"/>
        <line num="132" count="0" type="stmt"/>
        <line num="133" count="0" type="stmt"/>
        <line num="134" count="0" type="stmt"/>
        <line num="135" count="0" type="stmt"/>
        <line num="136" count="0" type="stmt"/>
        <line num="139" count="0" type="stmt"/>
        <line num="140" count="0" type="cond" truecount="0" falsecount="2"/>
        <line num="142" count="0" type="stmt"/>
        <line num="147" count="91" type="stmt"/>
        <line num="148" count="0" type="stmt"/>
        <line num="149" count="0" type="stmt"/>
        <line num="151" count="0" type="stmt"/>
        <line num="152" count="0" type="stmt"/>
        <line num="154" count="0" type="stmt"/>
        <line num="161" count="0" type="stmt"/>
        <line num="163" count="0" type="cond" truecount="0" falsecount="5"/>
        <line num="165" count="0" type="stmt"/>
        <line num="166" count="0" type="cond" truecount="0" falsecount="2"/>
        <line num="167" count="0" type="stmt"/>
        <line num="172" count="0" type="stmt"/>
        <line num="175" count="0" type="stmt"/>
        <line num="181" count="0" type="cond" truecount="0" falsecount="2"/>
        <line num="182" count="0" type="stmt"/>
        <line num="185" count="0" type="stmt"/>
        <line num="187" count="0" type="stmt"/>
        <line num="192" count="0" type="stmt"/>
        <line num="193" count="0" type="stmt"/>
        <line num="196" count="91" type="stmt"/>
        <line num="197" count="0" type="stmt"/>
        <line num="204" count="0" type="stmt"/>
        <line num="205" count="0" type="stmt"/>
        <line num="206" count="0" type="stmt"/>
        <line num="209" count="91" type="stmt"/>
        <line num="233" count="0" type="stmt"/>
        <line num="234" count="0" type="stmt"/>
        <line num="248" count="3" type="stmt"/>
        <line num="249" count="3" type="stmt"/>
        <line num="281" count="32" type="stmt"/>
        <line num="297" count="30" type="stmt"/>
        <line num="314" count="14" type="stmt"/>
        <line num="332" count="0" type="stmt"/>
        <line num="350" count="0" type="stmt"/>
        <line num="368" count="0" type="stmt"/>
        <line num="404" count="0" type="stmt"/>
        <line num="416" count="0" type="stmt"/>
        <line num="430" count="0" type="stmt"/>
        <line num="444" count="0" type="stmt"/>
        <line num="458" count="0" type="stmt"/>
      </file>
    </package>
    <package name="test">
      <metrics statements="4" coveredstatements="3" conditionals="0" coveredconditionals="0" methods="3" coveredmethods="2"/>
      <file name="test-utils.tsx" path="E:\Johan\DEv\Gym\src\test\test-utils.tsx">
        <metrics statements="4" coveredstatements="3" conditionals="0" coveredconditionals="0" methods="3" coveredmethods="2"/>
        <line num="6" count="26" type="stmt"/>
        <line num="19" count="26" type="stmt"/>
        <line num="20" count="26" type="stmt"/>
        <line num="31" count="0" type="stmt"/>
      </file>
    </package>
    <package name="test.mocks">
      <metrics statements="45" coveredstatements="39" conditionals="2" coveredconditionals="2" methods="26" coveredmethods="20"/>
      <file name="handlers.ts" path="E:\Johan\DEv\Gym\src\test\mocks\handlers.ts">
        <metrics statements="44" coveredstatements="38" conditionals="2" coveredconditionals="2" methods="26" coveredmethods="20"/>
        <line num="3" count="14" type="stmt"/>
        <line num="5" count="14" type="stmt"/>
        <line num="53" count="14" type="stmt"/>
        <line num="59" count="14" type="stmt"/>
        <line num="80" count="14" type="stmt"/>
        <line num="103" count="14" type="stmt"/>
        <line num="122" count="14" type="stmt"/>
        <line num="128" count="14" type="stmt"/>
        <line num="141" count="14" type="stmt"/>
        <line num="150" count="14" type="stmt"/>
        <line num="152" count="2" type="stmt"/>
        <line num="156" count="5" type="stmt"/>
        <line num="157" count="3" type="cond" truecount="2" falsecount="0"/>
        <line num="158" count="2" type="stmt"/>
        <line num="162" count="1" type="stmt"/>
        <line num="163" count="1" type="stmt"/>
        <line num="167" count="2" type="stmt"/>
        <line num="168" count="2" type="stmt"/>
        <line num="172" count="2" type="stmt"/>
        <line num="176" count="2" type="stmt"/>
        <line num="180" count="2" type="stmt"/>
        <line num="181" count="2" type="stmt"/>
        <line num="185" count="2" type="stmt"/>
        <line num="186" count="2" type="stmt"/>
        <line num="190" count="2" type="stmt"/>
        <line num="194" count="2" type="stmt"/>
        <line num="198" count="0" type="stmt"/>
        <line num="199" count="0" type="stmt"/>
        <line num="203" count="2" type="stmt"/>
        <line num="207" count="2" type="stmt"/>
        <line num="211" count="2" type="stmt"/>
        <line num="212" count="2" type="stmt"/>
        <line num="216" count="2" type="stmt"/>
        <line num="217" count="2" type="stmt"/>
        <line num="221" count="2" type="stmt"/>
        <line num="225" count="1" type="stmt"/>
        <line num="229" count="0" type="stmt"/>
        <line num="233" count="1" type="stmt"/>
        <line num="237" count="2" type="stmt"/>
        <line num="238" count="2" type="stmt"/>
        <line num="242" count="1" type="stmt"/>
        <line num="246" count="0" type="stmt"/>
        <line num="254" count="0" type="stmt"/>
        <line num="258" count="0" type="stmt"/>
      </file>
      <file name="server.ts" path="E:\Johan\DEv\Gym\src\test\mocks\server.ts">
        <metrics statements="1" coveredstatements="1" conditionals="0" coveredconditionals="0" methods="0" coveredmethods="0"/>
        <line num="4" count="14" type="stmt"/>
      </file>
    </package>
  </project>
</coverage>
