{"E:\\Johan\\DEv\\Gym\\src\\app\\components\\ui\\alert.tsx": {"path":"E:\\Johan\\DEv\\Gym\\src\\app\\components\\ui\\alert.tsx","statementMap":{"0":{"start":{"line":6,"column":6},"end":{"line":20,"column":null}},"1":{"start":{"line":27,"column":2},"end":{"line":33,"column":null}},"2":{"start":{"line":38,"column":2},"end":{"line":46,"column":null}},"3":{"start":{"line":54,"column":2},"end":{"line":62,"column":null}}},"fnMap":{"0":{"name":"Alert","decl":{"start":{"line":22,"column":9},"end":{"line":22,"column":15}},"loc":{"start":{"line":26,"column":69},"end":{"line":35,"column":null}},"line":26},"1":{"name":"AlertTitle","decl":{"start":{"line":37,"column":9},"end":{"line":37,"column":20}},"loc":{"start":{"line":37,"column":74},"end":{"line":48,"column":null}},"line":37},"2":{"name":"AlertDescription","decl":{"start":{"line":50,"column":9},"end":{"line":50,"column":26}},"loc":{"start":{"line":53,"column":32},"end":{"line":64,"column":null}},"line":53}},"branchMap":{},"s":{"0":1,"1":38,"2":0,"3":38},"f":{"0":38,"1":0,"2":38},"b":{},"meta":{"lastBranch":0,"lastFunction":3,"lastStatement":4,"seen":{"s:6:6:20:Infinity":0,"f:22:9:22:15":0,"s:27:2:33:Infinity":1,"f:37:9:37:20":1,"s:38:2:46:Infinity":2,"f:50:9:50:26":2,"s:54:2:62:Infinity":3},"fnNames":{}}}
,"E:\\Johan\\DEv\\Gym\\src\\app\\components\\ui\\button.tsx": {"path":"E:\\Johan\\DEv\\Gym\\src\\app\\components\\ui\\button.tsx","statementMap":{"0":{"start":{"line":7,"column":6},"end":{"line":35,"column":null}},"1":{"start":{"line":37,"column":15},"end":{"line":54,"column":null}},"2":{"start":{"line":44,"column":15},"end":{"line":44,"column":null}},"3":{"start":{"line":46,"column":2},"end":{"line":52,"column":null}},"4":{"start":{"line":56,"column":0},"end":{"line":56,"column":null}}},"fnMap":{"0":{"name":"(anonymous_0)","decl":{"start":{"line":43,"column":2},"end":{"line":43,"column":3}},"loc":{"start":{"line":43,"column":68},"end":{"line":54,"column":1}},"line":43}},"branchMap":{"0":{"loc":{"start":{"line":43,"column":31},"end":{"line":43,"column":48}},"type":"default-arg","locations":[{"start":{"line":43,"column":41},"end":{"line":43,"column":48}}],"line":43},"1":{"loc":{"start":{"line":44,"column":15},"end":{"line":44,"column":null}},"type":"cond-expr","locations":[{"start":{"line":44,"column":25},"end":{"line":44,"column":32}},{"start":{"line":44,"column":32},"end":{"line":44,"column":null}}],"line":44}},"s":{"0":1,"1":1,"2":91,"3":91,"4":1},"f":{"0":91},"b":{"0":[91],"1":[0,91]},"meta":{"lastBranch":2,"lastFunction":1,"lastStatement":5,"seen":{"s:7:6:35:Infinity":0,"s:37:15:54:Infinity":1,"f:43:2:43:3":0,"b:43:41:43:48":0,"s:44:15:44:Infinity":2,"b:44:25:44:32:44:32:44:Infinity":1,"s:46:2:52:Infinity":3,"s:56:0:56:Infinity":4},"fnNames":{}}}
,"E:\\Johan\\DEv\\Gym\\src\\app\\components\\ui\\card.tsx": {"path":"E:\\Johan\\DEv\\Gym\\src\\app\\components\\ui\\card.tsx","statementMap":{"0":{"start":{"line":6,"column":2},"end":{"line":14,"column":null}},"1":{"start":{"line":19,"column":2},"end":{"line":27,"column":null}},"2":{"start":{"line":32,"column":2},"end":{"line":37,"column":null}},"3":{"start":{"line":42,"column":2},"end":{"line":47,"column":null}},"4":{"start":{"line":52,"column":2},"end":{"line":60,"column":null}},"5":{"start":{"line":65,"column":2},"end":{"line":70,"column":null}},"6":{"start":{"line":75,"column":2},"end":{"line":80,"column":null}}},"fnMap":{"0":{"name":"Card","decl":{"start":{"line":5,"column":9},"end":{"line":5,"column":14}},"loc":{"start":{"line":5,"column":68},"end":{"line":16,"column":null}},"line":5},"1":{"name":"CardHeader","decl":{"start":{"line":18,"column":9},"end":{"line":18,"column":20}},"loc":{"start":{"line":18,"column":74},"end":{"line":29,"column":null}},"line":18},"2":{"name":"CardTitle","decl":{"start":{"line":31,"column":9},"end":{"line":31,"column":19}},"loc":{"start":{"line":31,"column":73},"end":{"line":39,"column":null}},"line":31},"3":{"name":"CardDescription","decl":{"start":{"line":41,"column":9},"end":{"line":41,"column":25}},"loc":{"start":{"line":41,"column":79},"end":{"line":49,"column":null}},"line":41},"4":{"name":"CardAction","decl":{"start":{"line":51,"column":9},"end":{"line":51,"column":20}},"loc":{"start":{"line":51,"column":74},"end":{"line":62,"column":null}},"line":51},"5":{"name":"CardContent","decl":{"start":{"line":64,"column":9},"end":{"line":64,"column":21}},"loc":{"start":{"line":64,"column":75},"end":{"line":72,"column":null}},"line":64},"6":{"name":"CardFooter","decl":{"start":{"line":74,"column":9},"end":{"line":74,"column":20}},"loc":{"start":{"line":74,"column":74},"end":{"line":82,"column":null}},"line":74}},"branchMap":{},"s":{"0":91,"1":91,"2":91,"3":91,"4":0,"5":91,"6":0},"f":{"0":91,"1":91,"2":91,"3":91,"4":0,"5":91,"6":0},"b":{},"meta":{"lastBranch":0,"lastFunction":7,"lastStatement":7,"seen":{"f:5:9:5:14":0,"s:6:2:14:Infinity":0,"f:18:9:18:20":1,"s:19:2:27:Infinity":1,"f:31:9:31:19":2,"s:32:2:37:Infinity":2,"f:41:9:41:25":3,"s:42:2:47:Infinity":3,"f:51:9:51:20":4,"s:52:2:60:Infinity":4,"f:64:9:64:21":5,"s:65:2:70:Infinity":5,"f:74:9:74:20":6,"s:75:2:80:Infinity":6},"fnNames":{}}}
,"E:\\Johan\\DEv\\Gym\\src\\app\\components\\ui\\input.tsx": {"path":"E:\\Johan\\DEv\\Gym\\src\\app\\components\\ui\\input.tsx","statementMap":{"0":{"start":{"line":5,"column":14},"end":{"line":22,"column":null}},"1":{"start":{"line":7,"column":4},"end":{"line":19,"column":null}},"2":{"start":{"line":24,"column":0},"end":{"line":24,"column":null}}},"fnMap":{"0":{"name":"(anonymous_0)","decl":{"start":{"line":6,"column":2},"end":{"line":6,"column":3}},"loc":{"start":{"line":6,"column":42},"end":{"line":21,"column":null}},"line":6}},"branchMap":{},"s":{"0":1,"1":322,"2":1},"f":{"0":322},"b":{},"meta":{"lastBranch":0,"lastFunction":1,"lastStatement":3,"seen":{"s:5:14:22:Infinity":0,"f:6:2:6:3":0,"s:7:4:19:Infinity":1,"s:24:0:24:Infinity":2},"fnNames":{}}}
,"E:\\Johan\\DEv\\Gym\\src\\app\\components\\ui\\label.tsx": {"path":"E:\\Johan\\DEv\\Gym\\src\\app\\components\\ui\\label.tsx","statementMap":{"0":{"start":{"line":6,"column":0},"end":{"line":6,"column":null}},"1":{"start":{"line":8,"column":14},"end":{"line":23,"column":null}},"2":{"start":{"line":12,"column":2},"end":{"line":21,"column":null}},"3":{"start":{"line":25,"column":0},"end":{"line":25,"column":null}}},"fnMap":{"0":{"name":"(anonymous_0)","decl":{"start":{"line":11,"column":2},"end":{"line":11,"column":3}},"loc":{"start":{"line":11,"column":36},"end":{"line":23,"column":1}},"line":11}},"branchMap":{},"s":{"0":1,"1":1,"2":322,"3":1},"f":{"0":322},"b":{},"meta":{"lastBranch":0,"lastFunction":1,"lastStatement":4,"seen":{"s:6:0:6:Infinity":0,"s:8:14:23:Infinity":1,"f:11:2:11:3":0,"s:12:2:21:Infinity":2,"s:25:0:25:Infinity":3},"fnNames":{}}}
,"E:\\Johan\\DEv\\Gym\\src\\app\\components\\ui\\sonner.tsx": {"path":"E:\\Johan\\DEv\\Gym\\src\\app\\components\\ui\\sonner.tsx","statementMap":{"0":{"start":{"line":4,"column":0},"end":{"line":4,"column":null}},"1":{"start":{"line":6,"column":16},"end":{"line":23,"column":null}},"2":{"start":{"line":7,"column":27},"end":{"line":7,"column":null}},"3":{"start":{"line":9,"column":2},"end":{"line":21,"column":null}}},"fnMap":{"0":{"name":"(anonymous_0)","decl":{"start":{"line":6,"column":16},"end":{"line":6,"column":17}},"loc":{"start":{"line":6,"column":48},"end":{"line":23,"column":null}},"line":6}},"branchMap":{"0":{"loc":{"start":{"line":7,"column":10},"end":{"line":7,"column":27}},"type":"default-arg","locations":[{"start":{"line":7,"column":18},"end":{"line":7,"column":27}}],"line":7}},"s":{"0":1,"1":1,"2":91,"3":91},"f":{"0":91},"b":{"0":[91]},"meta":{"lastBranch":1,"lastFunction":1,"lastStatement":4,"seen":{"s:4:0:4:Infinity":0,"s:6:16:23:Infinity":1,"f:6:16:6:17":0,"s:7:27:7:Infinity":2,"b:7:18:7:27":0,"s:9:2:21:Infinity":3},"fnNames":{}}}
,"E:\\Johan\\DEv\\Gym\\src\\app\\components\\ui\\utils.ts": {"path":"E:\\Johan\\DEv\\Gym\\src\\app\\components\\ui\\utils.ts","statementMap":{"0":{"start":{"line":5,"column":2},"end":{"line":5,"column":null}}},"fnMap":{"0":{"name":"cn","decl":{"start":{"line":4,"column":16},"end":{"line":4,"column":22}},"loc":{"start":{"line":4,"column":44},"end":{"line":6,"column":null}},"line":4}},"branchMap":{},"s":{"0":1266},"f":{"0":1266},"b":{},"meta":{"lastBranch":0,"lastFunction":1,"lastStatement":1,"seen":{"f:4:16:4:22":0,"s:5:2:5:Infinity":0},"fnNames":{}}}
,"E:\\Johan\\DEv\\Gym\\src\\app\\contexts\\AuthContext.tsx": {"path":"E:\\Johan\\DEv\\Gym\\src\\app\\contexts\\AuthContext.tsx","statementMap":{"0":{"start":{"line":27,"column":6},"end":{"line":27,"column":null}},"1":{"start":{"line":30,"column":22},"end":{"line":30,"column":null}},"2":{"start":{"line":31,"column":32},"end":{"line":31,"column":null}},"3":{"start":{"line":34,"column":2},"end":{"line":36,"column":null}},"4":{"start":{"line":35,"column":4},"end":{"line":35,"column":null}},"5":{"start":{"line":38,"column":23},"end":{"line":122,"column":null}},"6":{"start":{"line":39,"column":4},"end":{"line":121,"column":null}},"7":{"start":{"line":41,"column":57},"end":{"line":41,"column":null}},"8":{"start":{"line":43,"column":6},"end":{"line":89,"column":null}},"9":{"start":{"line":45,"column":25},"end":{"line":45,"column":null}},"10":{"start":{"line":47,"column":8},"end":{"line":88,"column":null}},"11":{"start":{"line":49,"column":58},"end":{"line":53,"column":null}},"12":{"start":{"line":55,"column":10},"end":{"line":72,"column":null}},"13":{"start":{"line":56,"column":29},"end":{"line":66,"column":null}},"14":{"start":{"line":67,"column":12},"end":{"line":67,"column":null}},"15":{"start":{"line":68,"column":12},"end":{"line":68,"column":null}},"16":{"start":{"line":69,"column":12},"end":{"line":69,"column":null}},"17":{"start":{"line":70,"column":12},"end":{"line":70,"column":null}},"18":{"start":{"line":71,"column":12},"end":{"line":71,"column":null}},"19":{"start":{"line":75,"column":57},"end":{"line":79,"column":null}},"20":{"start":{"line":81,"column":10},"end":{"line":87,"column":null}},"21":{"start":{"line":82,"column":12},"end":{"line":82,"column":null}},"22":{"start":{"line":83,"column":12},"end":{"line":83,"column":null}},"23":{"start":{"line":84,"column":12},"end":{"line":84,"column":null}},"24":{"start":{"line":85,"column":12},"end":{"line":85,"column":null}},"25":{"start":{"line":86,"column":12},"end":{"line":86,"column":null}},"26":{"start":{"line":92,"column":25},"end":{"line":92,"column":null}},"27":{"start":{"line":93,"column":26},"end":{"line":93,"column":null}},"28":{"start":{"line":95,"column":6},"end":{"line":108,"column":null}},"29":{"start":{"line":96,"column":8},"end":{"line":107,"column":null}},"30":{"start":{"line":97,"column":29},"end":{"line":97,"column":null}},"31":{"start":{"line":99,"column":10},"end":{"line":103,"column":null}},"32":{"start":{"line":100,"column":12},"end":{"line":100,"column":null}},"33":{"start":{"line":101,"column":12},"end":{"line":101,"column":null}},"34":{"start":{"line":102,"column":12},"end":{"line":102,"column":null}},"35":{"start":{"line":106,"column":10},"end":{"line":106,"column":null}},"36":{"start":{"line":111,"column":6},"end":{"line":111,"column":null}},"37":{"start":{"line":112,"column":6},"end":{"line":112,"column":null}},"38":{"start":{"line":113,"column":6},"end":{"line":113,"column":null}},"39":{"start":{"line":115,"column":6},"end":{"line":115,"column":null}},"40":{"start":{"line":116,"column":6},"end":{"line":116,"column":null}},"41":{"start":{"line":117,"column":6},"end":{"line":117,"column":null}},"42":{"start":{"line":118,"column":6},"end":{"line":118,"column":null}},"43":{"start":{"line":120,"column":6},"end":{"line":120,"column":null}},"44":{"start":{"line":124,"column":16},"end":{"line":179,"column":null}},"45":{"start":{"line":125,"column":4},"end":{"line":178,"column":null}},"46":{"start":{"line":127,"column":51},"end":{"line":130,"column":null}},"47":{"start":{"line":132,"column":6},"end":{"line":165,"column":null}},"48":{"start":{"line":134,"column":8},"end":{"line":134,"column":null}},"49":{"start":{"line":137,"column":25},"end":{"line":137,"column":null}},"50":{"start":{"line":139,"column":8},"end":{"line":164,"column":null}},"51":{"start":{"line":141,"column":40},"end":{"line":145,"column":null}},"52":{"start":{"line":147,"column":10},"end":{"line":163,"column":null}},"53":{"start":{"line":148,"column":29},"end":{"line":158,"column":null}},"54":{"start":{"line":160,"column":12},"end":{"line":160,"column":null}},"55":{"start":{"line":161,"column":12},"end":{"line":161,"column":null}},"56":{"start":{"line":162,"column":12},"end":{"line":162,"column":null}},"57":{"start":{"line":168,"column":6},"end":{"line":175,"column":null}},"58":{"start":{"line":169,"column":25},"end":{"line":169,"column":null}},"59":{"start":{"line":170,"column":25},"end":{"line":170,"column":null}},"60":{"start":{"line":171,"column":8},"end":{"line":171,"column":null}},"61":{"start":{"line":174,"column":8},"end":{"line":174,"column":null}},"62":{"start":{"line":177,"column":6},"end":{"line":177,"column":null}},"63":{"start":{"line":181,"column":17},"end":{"line":200,"column":null}},"64":{"start":{"line":182,"column":4},"end":{"line":199,"column":null}},"65":{"start":{"line":184,"column":6},"end":{"line":184,"column":null}},"66":{"start":{"line":187,"column":6},"end":{"line":192,"column":null}},"67":{"start":{"line":188,"column":8},"end":{"line":188,"column":null}},"68":{"start":{"line":191,"column":8},"end":{"line":191,"column":null}},"69":{"start":{"line":194,"column":6},"end":{"line":194,"column":null}},"70":{"start":{"line":196,"column":6},"end":{"line":196,"column":null}},"71":{"start":{"line":197,"column":6},"end":{"line":197,"column":null}},"72":{"start":{"line":198,"column":6},"end":{"line":198,"column":null}},"73":{"start":{"line":202,"column":18},"end":{"line":207,"column":null}},"74":{"start":{"line":203,"column":4},"end":{"line":203,"column":null}},"75":{"start":{"line":203,"column":15},"end":{"line":203,"column":null}},"76":{"start":{"line":205,"column":25},"end":{"line":205,"column":null}},"77":{"start":{"line":206,"column":4},"end":{"line":206,"column":null}},"78":{"start":{"line":209,"column":33},"end":{"line":216,"column":null}},"79":{"start":{"line":218,"column":2},"end":{"line":218,"column":null}},"80":{"start":{"line":222,"column":8},"end":{"line":222,"column":null}},"81":{"start":{"line":223,"column":2},"end":{"line":225,"column":null}},"82":{"start":{"line":224,"column":4},"end":{"line":224,"column":null}},"83":{"start":{"line":226,"column":2},"end":{"line":226,"column":null}}},"fnMap":{"0":{"name":"AuthProvider","decl":{"start":{"line":29,"column":16},"end":{"line":29,"column":29}},"loc":{"start":{"line":29,"column":68},"end":{"line":219,"column":null}},"line":29},"1":{"name":"(anonymous_1)","decl":{"start":{"line":34,"column":12},"end":{"line":34,"column":18}},"loc":{"start":{"line":34,"column":18},"end":{"line":36,"column":5}},"line":34},"2":{"name":"(anonymous_2)","decl":{"start":{"line":38,"column":23},"end":{"line":38,"column":35}},"loc":{"start":{"line":38,"column":35},"end":{"line":122,"column":null}},"line":38},"3":{"name":"(anonymous_3)","decl":{"start":{"line":124,"column":16},"end":{"line":124,"column":23}},"loc":{"start":{"line":124,"column":59},"end":{"line":179,"column":null}},"line":124},"4":{"name":"(anonymous_4)","decl":{"start":{"line":181,"column":17},"end":{"line":181,"column":29}},"loc":{"start":{"line":181,"column":29},"end":{"line":200,"column":null}},"line":181},"5":{"name":"(anonymous_5)","decl":{"start":{"line":202,"column":18},"end":{"line":202,"column":19}},"loc":{"start":{"line":202,"column":61},"end":{"line":207,"column":null}},"line":202},"6":{"name":"useAuth","decl":{"start":{"line":221,"column":16},"end":{"line":221,"column":26}},"loc":{"start":{"line":221,"column":26},"end":{"line":227,"column":null}},"line":221}},"branchMap":{"0":{"loc":{"start":{"line":43,"column":6},"end":{"line":89,"column":null}},"type":"if","locations":[{"start":{"line":43,"column":6},"end":{"line":89,"column":null}},{"start":{},"end":{}}],"line":43},"1":{"loc":{"start":{"line":43,"column":10},"end":{"line":43,"column":36}},"type":"binary-expr","locations":[{"start":{"line":43,"column":10},"end":{"line":43,"column":21}},{"start":{"line":43,"column":21},"end":{"line":43,"column":36}}],"line":43},"2":{"loc":{"start":{"line":47,"column":8},"end":{"line":88,"column":null}},"type":"if","locations":[{"start":{"line":47,"column":8},"end":{"line":88,"column":null}},{"start":{"line":73,"column":15},"end":{"line":88,"column":null}}],"line":47},"3":{"loc":{"start":{"line":55,"column":10},"end":{"line":72,"column":null}},"type":"if","locations":[{"start":{"line":55,"column":10},"end":{"line":72,"column":null}},{"start":{},"end":{}}],"line":55},"4":{"loc":{"start":{"line":55,"column":14},"end":{"line":55,"column":41}},"type":"binary-expr","locations":[{"start":{"line":55,"column":14},"end":{"line":55,"column":29}},{"start":{"line":55,"column":29},"end":{"line":55,"column":41}}],"line":55},"5":{"loc":{"start":{"line":60,"column":21},"end":{"line":60,"column":null}},"type":"binary-expr","locations":[{"start":{"line":60,"column":21},"end":{"line":60,"column":42}},{"start":{"line":60,"column":42},"end":{"line":60,"column":null}}],"line":60},"6":{"loc":{"start":{"line":63,"column":22},"end":{"line":63,"column":null}},"type":"binary-expr","locations":[{"start":{"line":63,"column":22},"end":{"line":63,"column":44}},{"start":{"line":63,"column":44},"end":{"line":63,"column":null}}],"line":63},"7":{"loc":{"start":{"line":64,"column":21},"end":{"line":64,"column":null}},"type":"binary-expr","locations":[{"start":{"line":64,"column":21},"end":{"line":64,"column":42}},{"start":{"line":64,"column":42},"end":{"line":64,"column":null}}],"line":64},"8":{"loc":{"start":{"line":81,"column":10},"end":{"line":87,"column":null}},"type":"if","locations":[{"start":{"line":81,"column":10},"end":{"line":87,"column":null}},{"start":{},"end":{}}],"line":81},"9":{"loc":{"start":{"line":81,"column":14},"end":{"line":81,"column":40}},"type":"binary-expr","locations":[{"start":{"line":81,"column":14},"end":{"line":81,"column":27}},{"start":{"line":81,"column":27},"end":{"line":81,"column":40}}],"line":81},"10":{"loc":{"start":{"line":95,"column":6},"end":{"line":108,"column":null}},"type":"if","locations":[{"start":{"line":95,"column":6},"end":{"line":108,"column":null}},{"start":{},"end":{}}],"line":95},"11":{"loc":{"start":{"line":95,"column":10},"end":{"line":95,"column":37}},"type":"binary-expr","locations":[{"start":{"line":95,"column":10},"end":{"line":95,"column":24}},{"start":{"line":95,"column":24},"end":{"line":95,"column":37}}],"line":95},"12":{"loc":{"start":{"line":99,"column":10},"end":{"line":103,"column":null}},"type":"if","locations":[{"start":{"line":99,"column":10},"end":{"line":103,"column":null}},{"start":{},"end":{}}],"line":99},"13":{"loc":{"start":{"line":132,"column":6},"end":{"line":165,"column":null}},"type":"if","locations":[{"start":{"line":132,"column":6},"end":{"line":165,"column":null}},{"start":{},"end":{}}],"line":132},"14":{"loc":{"start":{"line":132,"column":10},"end":{"line":132,"column":42}},"type":"binary-expr","locations":[{"start":{"line":132,"column":10},"end":{"line":132,"column":24}},{"start":{"line":132,"column":24},"end":{"line":132,"column":42}}],"line":132},"15":{"loc":{"start":{"line":139,"column":8},"end":{"line":164,"column":null}},"type":"if","locations":[{"start":{"line":139,"column":8},"end":{"line":164,"column":null}},{"start":{},"end":{}}],"line":139},"16":{"loc":{"start":{"line":147,"column":10},"end":{"line":163,"column":null}},"type":"if","locations":[{"start":{"line":147,"column":10},"end":{"line":163,"column":null}},{"start":{},"end":{}}],"line":147},"17":{"loc":{"start":{"line":152,"column":21},"end":{"line":152,"column":null}},"type":"binary-expr","locations":[{"start":{"line":152,"column":21},"end":{"line":152,"column":42}},{"start":{"line":152,"column":42},"end":{"line":152,"column":null}}],"line":152},"18":{"loc":{"start":{"line":155,"column":22},"end":{"line":155,"column":null}},"type":"binary-expr","locations":[{"start":{"line":155,"column":22},"end":{"line":155,"column":44}},{"start":{"line":155,"column":44},"end":{"line":155,"column":null}}],"line":155},"19":{"loc":{"start":{"line":156,"column":21},"end":{"line":156,"column":null}},"type":"binary-expr","locations":[{"start":{"line":156,"column":21},"end":{"line":156,"column":42}},{"start":{"line":156,"column":42},"end":{"line":156,"column":null}}],"line":156},"20":{"loc":{"start":{"line":174,"column":24},"end":{"line":174,"column":91}},"type":"binary-expr","locations":[{"start":{"line":174,"column":24},"end":{"line":174,"column":46}},{"start":{"line":174,"column":46},"end":{"line":174,"column":66}},{"start":{"line":174,"column":66},"end":{"line":174,"column":91}}],"line":174},"21":{"loc":{"start":{"line":177,"column":22},"end":{"line":177,"column":64}},"type":"binary-expr","locations":[{"start":{"line":177,"column":22},"end":{"line":177,"column":39}},{"start":{"line":177,"column":39},"end":{"line":177,"column":64}}],"line":177},"22":{"loc":{"start":{"line":203,"column":4},"end":{"line":203,"column":null}},"type":"if","locations":[{"start":{"line":203,"column":4},"end":{"line":203,"column":null}},{"start":{},"end":{}}],"line":203},"23":{"loc":{"start":{"line":205,"column":25},"end":{"line":205,"column":null}},"type":"cond-expr","locations":[{"start":{"line":205,"column":48},"end":{"line":205,"column":56}},{"start":{"line":205,"column":56},"end":{"line":205,"column":null}}],"line":205},"24":{"loc":{"start":{"line":223,"column":2},"end":{"line":225,"column":null}},"type":"if","locations":[{"start":{"line":223,"column":2},"end":{"line":225,"column":null}},{"start":{},"end":{}}],"line":223}},"s":{"0":1,"1":6,"2":6,"3":6,"4":3,"5":6,"6":3,"7":3,"8":3,"9":0,"10":0,"11":0,"12":0,"13":0,"14":0,"15":0,"16":0,"17":0,"18":0,"19":0,"20":0,"21":0,"22":0,"23":0,"24":0,"25":0,"26":3,"27":3,"28":3,"29":0,"30":0,"31":0,"32":0,"33":0,"34":0,"35":0,"36":3,"37":3,"38":3,"39":0,"40":0,"41":0,"42":0,"43":3,"44":6,"45":0,"46":0,"47":0,"48":0,"49":0,"50":0,"51":0,"52":0,"53":0,"54":0,"55":0,"56":0,"57":0,"58":0,"59":0,"60":0,"61":0,"62":0,"63":6,"64":0,"65":0,"66":0,"67":0,"68":0,"69":0,"70":0,"71":0,"72":0,"73":6,"74":1,"75":1,"76":0,"77":1,"78":6,"79":6,"80":5,"81":5,"82":0,"83":5},"f":{"0":6,"1":3,"2":3,"3":0,"4":0,"5":1,"6":5},"b":{"0":[0,3],"1":[3,0],"2":[0,0],"3":[0,0],"4":[0,0],"5":[0,0],"6":[0,0],"7":[0,0],"8":[0,0],"9":[0,0],"10":[0,3],"11":[3,0],"12":[0,0],"13":[0,0],"14":[0,0],"15":[0,0],"16":[0,0],"17":[0,0],"18":[0,0],"19":[0,0],"20":[0,0,0],"21":[0,0],"22":[1,0],"23":[0,0],"24":[0,5]},"meta":{"lastBranch":25,"lastFunction":7,"lastStatement":84,"seen":{"s:27:6:27:Infinity":0,"f:29:16:29:29":0,"s:30:22:30:Infinity":1,"s:31:32:31:Infinity":2,"s:34:2:36:Infinity":3,"f:34:12:34:18":1,"s:35:4:35:Infinity":4,"s:38:23:122:Infinity":5,"f:38:23:38:35":2,"s:39:4:121:Infinity":6,"s:41:57:41:Infinity":7,"b:43:6:89:Infinity:undefined:undefined:undefined:undefined":0,"s:43:6:89:Infinity":8,"b:43:10:43:21:43:21:43:36":1,"s:45:25:45:Infinity":9,"b:47:8:88:Infinity:73:15:88:Infinity":2,"s:47:8:88:Infinity":10,"s:49:58:53:Infinity":11,"b:55:10:72:Infinity:undefined:undefined:undefined:undefined":3,"s:55:10:72:Infinity":12,"b:55:14:55:29:55:29:55:41":4,"s:56:29:66:Infinity":13,"b:60:21:60:42:60:42:60:Infinity":5,"b:63:22:63:44:63:44:63:Infinity":6,"b:64:21:64:42:64:42:64:Infinity":7,"s:67:12:67:Infinity":14,"s:68:12:68:Infinity":15,"s:69:12:69:Infinity":16,"s:70:12:70:Infinity":17,"s:71:12:71:Infinity":18,"s:75:57:79:Infinity":19,"b:81:10:87:Infinity:undefined:undefined:undefined:undefined":8,"s:81:10:87:Infinity":20,"b:81:14:81:27:81:27:81:40":9,"s:82:12:82:Infinity":21,"s:83:12:83:Infinity":22,"s:84:12:84:Infinity":23,"s:85:12:85:Infinity":24,"s:86:12:86:Infinity":25,"s:92:25:92:Infinity":26,"s:93:26:93:Infinity":27,"b:95:6:108:Infinity:undefined:undefined:undefined:undefined":10,"s:95:6:108:Infinity":28,"b:95:10:95:24:95:24:95:37":11,"s:96:8:107:Infinity":29,"s:97:29:97:Infinity":30,"b:99:10:103:Infinity:undefined:undefined:undefined:undefined":12,"s:99:10:103:Infinity":31,"s:100:12:100:Infinity":32,"s:101:12:101:Infinity":33,"s:102:12:102:Infinity":34,"s:106:10:106:Infinity":35,"s:111:6:111:Infinity":36,"s:112:6:112:Infinity":37,"s:113:6:113:Infinity":38,"s:115:6:115:Infinity":39,"s:116:6:116:Infinity":40,"s:117:6:117:Infinity":41,"s:118:6:118:Infinity":42,"s:120:6:120:Infinity":43,"s:124:16:179:Infinity":44,"f:124:16:124:23":3,"s:125:4:178:Infinity":45,"s:127:51:130:Infinity":46,"b:132:6:165:Infinity:undefined:undefined:undefined:undefined":13,"s:132:6:165:Infinity":47,"b:132:10:132:24:132:24:132:42":14,"s:134:8:134:Infinity":48,"s:137:25:137:Infinity":49,"b:139:8:164:Infinity:undefined:undefined:undefined:undefined":15,"s:139:8:164:Infinity":50,"s:141:40:145:Infinity":51,"b:147:10:163:Infinity:undefined:undefined:undefined:undefined":16,"s:147:10:163:Infinity":52,"s:148:29:158:Infinity":53,"b:152:21:152:42:152:42:152:Infinity":17,"b:155:22:155:44:155:44:155:Infinity":18,"b:156:21:156:42:156:42:156:Infinity":19,"s:160:12:160:Infinity":54,"s:161:12:161:Infinity":55,"s:162:12:162:Infinity":56,"s:168:6:175:Infinity":57,"s:169:25:169:Infinity":58,"s:170:25:170:Infinity":59,"s:171:8:171:Infinity":60,"s:174:8:174:Infinity":61,"b:174:24:174:46:174:46:174:66:174:66:174:91":20,"s:177:6:177:Infinity":62,"b:177:22:177:39:177:39:177:64":21,"s:181:17:200:Infinity":63,"f:181:17:181:29":4,"s:182:4:199:Infinity":64,"s:184:6:184:Infinity":65,"s:187:6:192:Infinity":66,"s:188:8:188:Infinity":67,"s:191:8:191:Infinity":68,"s:194:6:194:Infinity":69,"s:196:6:196:Infinity":70,"s:197:6:197:Infinity":71,"s:198:6:198:Infinity":72,"s:202:18:207:Infinity":73,"f:202:18:202:19":5,"b:203:4:203:Infinity:undefined:undefined:undefined:undefined":22,"s:203:4:203:Infinity":74,"s:203:15:203:Infinity":75,"s:205:25:205:Infinity":76,"b:205:48:205:56:205:56:205:Infinity":23,"s:206:4:206:Infinity":77,"s:209:33:216:Infinity":78,"s:218:2:218:Infinity":79,"f:221:16:221:26":6,"s:222:8:222:Infinity":80,"b:223:2:225:Infinity:undefined:undefined:undefined:undefined":24,"s:223:2:225:Infinity":81,"s:224:4:224:Infinity":82,"s:226:2:226:Infinity":83},"fnNames":{}}}
,"E:\\Johan\\DEv\\Gym\\src\\app\\hooks\\useAttendance.ts": {"path":"E:\\Johan\\DEv\\Gym\\src\\app\\hooks\\useAttendance.ts","statementMap":{"0":{"start":{"line":12,"column":30},"end":{"line":15,"column":null}},"1":{"start":{"line":13,"column":26},"end":{"line":13,"column":null}},"2":{"start":{"line":14,"column":30},"end":{"line":14,"column":null}},"3":{"start":{"line":21,"column":2},"end":{"line":27,"column":null}},"4":{"start":{"line":23,"column":19},"end":{"line":23,"column":null}},"5":{"start":{"line":34,"column":2},"end":{"line":42,"column":null}},"6":{"start":{"line":37,"column":28},"end":{"line":37,"column":null}},"7":{"start":{"line":38,"column":6},"end":{"line":38,"column":null}},"8":{"start":{"line":38,"column":46},"end":{"line":38,"column":66}},"9":{"start":{"line":49,"column":8},"end":{"line":49,"column":null}},"10":{"start":{"line":51,"column":2},"end":{"line":60,"column":null}},"11":{"start":{"line":52,"column":46},"end":{"line":52,"column":null}},"12":{"start":{"line":54,"column":6},"end":{"line":54,"column":null}},"13":{"start":{"line":55,"column":6},"end":{"line":55,"column":null}},"14":{"start":{"line":58,"column":6},"end":{"line":58,"column":null}}},"fnMap":{"0":{"name":"(anonymous_0)","decl":{"start":{"line":13,"column":7},"end":{"line":13,"column":8}},"loc":{"start":{"line":13,"column":26},"end":{"line":13,"column":null}},"line":13},"1":{"name":"(anonymous_1)","decl":{"start":{"line":14,"column":10},"end":{"line":14,"column":11}},"loc":{"start":{"line":14,"column":30},"end":{"line":14,"column":null}},"line":14},"2":{"name":"useAttendance","decl":{"start":{"line":20,"column":16},"end":{"line":20,"column":30}},"loc":{"start":{"line":20,"column":45},"end":{"line":28,"column":null}},"line":20},"3":{"name":"(anonymous_3)","decl":{"start":{"line":23,"column":13},"end":{"line":23,"column":19}},"loc":{"start":{"line":23,"column":19},"end":{"line":23,"column":null}},"line":23},"4":{"name":"useUserAttendance","decl":{"start":{"line":33,"column":16},"end":{"line":33,"column":34}},"loc":{"start":{"line":33,"column":50},"end":{"line":43,"column":null}},"line":33},"5":{"name":"(anonymous_5)","decl":{"start":{"line":36,"column":13},"end":{"line":36,"column":25}},"loc":{"start":{"line":36,"column":25},"end":{"line":39,"column":null}},"line":36},"6":{"name":"(anonymous_6)","decl":{"start":{"line":38,"column":34},"end":{"line":38,"column":35}},"loc":{"start":{"line":38,"column":46},"end":{"line":38,"column":66}},"line":38},"7":{"name":"useCreateAttendance","decl":{"start":{"line":48,"column":16},"end":{"line":48,"column":38}},"loc":{"start":{"line":48,"column":38},"end":{"line":61,"column":null}},"line":48},"8":{"name":"(anonymous_8)","decl":{"start":{"line":52,"column":16},"end":{"line":52,"column":17}},"loc":{"start":{"line":52,"column":46},"end":{"line":52,"column":null}},"line":52},"9":{"name":"(anonymous_9)","decl":{"start":{"line":53,"column":15},"end":{"line":53,"column":21}},"loc":{"start":{"line":53,"column":21},"end":{"line":56,"column":null}},"line":53},"10":{"name":"(anonymous_10)","decl":{"start":{"line":57,"column":13},"end":{"line":57,"column":14}},"loc":{"start":{"line":57,"column":31},"end":{"line":59,"column":null}},"line":57}},"branchMap":{"0":{"loc":{"start":{"line":13,"column":26},"end":{"line":13,"column":null}},"type":"cond-expr","locations":[{"start":{"line":13,"column":33},"end":{"line":13,"column":65}},{"start":{"line":13,"column":65},"end":{"line":13,"column":null}}],"line":13},"1":{"loc":{"start":{"line":58,"column":18},"end":{"line":58,"column":66}},"type":"binary-expr","locations":[{"start":{"line":58,"column":18},"end":{"line":58,"column":35}},{"start":{"line":58,"column":35},"end":{"line":58,"column":66}}],"line":58}},"s":{"0":1,"1":2,"2":0,"3":2,"4":1,"5":0,"6":0,"7":0,"8":0,"9":2,"10":2,"11":1,"12":1,"13":1,"14":0},"f":{"0":2,"1":0,"2":2,"3":1,"4":0,"5":0,"6":0,"7":2,"8":1,"9":1,"10":0},"b":{"0":[0,2],"1":[0,0]},"meta":{"lastBranch":2,"lastFunction":11,"lastStatement":15,"seen":{"s:12:30:15:Infinity":0,"f:13:7:13:8":0,"s:13:26:13:Infinity":1,"b:13:33:13:65:13:65:13:Infinity":0,"f:14:10:14:11":1,"s:14:30:14:Infinity":2,"f:20:16:20:30":2,"s:21:2:27:Infinity":3,"f:23:13:23:19":3,"s:23:19:23:Infinity":4,"f:33:16:33:34":4,"s:34:2:42:Infinity":5,"f:36:13:36:25":5,"s:37:28:37:Infinity":6,"s:38:6:38:Infinity":7,"f:38:34:38:35":6,"s:38:46:38:66":8,"f:48:16:48:38":7,"s:49:8:49:Infinity":9,"s:51:2:60:Infinity":10,"f:52:16:52:17":8,"s:52:46:52:Infinity":11,"f:53:15:53:21":9,"s:54:6:54:Infinity":12,"s:55:6:55:Infinity":13,"f:57:13:57:14":10,"s:58:6:58:Infinity":14,"b:58:18:58:35:58:35:58:66":1},"fnNames":{}}}
,"E:\\Johan\\DEv\\Gym\\src\\app\\hooks\\useExercises.ts": {"path":"E:\\Johan\\DEv\\Gym\\src\\app\\hooks\\useExercises.ts","statementMap":{"0":{"start":{"line":15,"column":30},"end":{"line":22,"column":null}},"1":{"start":{"line":56,"column":2},"end":{"line":60,"column":null}},"2":{"start":{"line":67,"column":2},"end":{"line":72,"column":null}},"3":{"start":{"line":69,"column":19},"end":{"line":69,"column":null}},"4":{"start":{"line":79,"column":8},"end":{"line":79,"column":null}},"5":{"start":{"line":81,"column":2},"end":{"line":100,"column":null}},"6":{"start":{"line":84,"column":24},"end":{"line":84,"column":null}},"7":{"start":{"line":85,"column":6},"end":{"line":85,"column":null}},"8":{"start":{"line":89,"column":6},"end":{"line":89,"column":null}},"9":{"start":{"line":92,"column":6},"end":{"line":92,"column":null}},"10":{"start":{"line":92,"column":72},"end":{"line":92,"column":93}},"11":{"start":{"line":94,"column":6},"end":{"line":94,"column":null}},"12":{"start":{"line":97,"column":6},"end":{"line":97,"column":null}},"13":{"start":{"line":98,"column":6},"end":{"line":98,"column":null}},"14":{"start":{"line":107,"column":8},"end":{"line":107,"column":null}},"15":{"start":{"line":109,"column":2},"end":{"line":123,"column":null}},"16":{"start":{"line":111,"column":6},"end":{"line":111,"column":null}},"17":{"start":{"line":114,"column":6},"end":{"line":114,"column":null}},"18":{"start":{"line":115,"column":6},"end":{"line":115,"column":null}},"19":{"start":{"line":117,"column":6},"end":{"line":117,"column":null}},"20":{"start":{"line":120,"column":6},"end":{"line":120,"column":null}},"21":{"start":{"line":121,"column":6},"end":{"line":121,"column":null}},"22":{"start":{"line":130,"column":8},"end":{"line":130,"column":null}},"23":{"start":{"line":132,"column":2},"end":{"line":149,"column":null}},"24":{"start":{"line":136,"column":6},"end":{"line":138,"column":null}},"25":{"start":{"line":137,"column":8},"end":{"line":137,"column":null}},"26":{"start":{"line":137,"column":27},"end":{"line":137,"column":46}},"27":{"start":{"line":141,"column":6},"end":{"line":141,"column":null}},"28":{"start":{"line":143,"column":6},"end":{"line":143,"column":null}},"29":{"start":{"line":146,"column":6},"end":{"line":146,"column":null}},"30":{"start":{"line":147,"column":6},"end":{"line":147,"column":null}}},"fnMap":{"0":{"name":"useExercises","decl":{"start":{"line":55,"column":16},"end":{"line":55,"column":31}},"loc":{"start":{"line":55,"column":31},"end":{"line":61,"column":null}},"line":55},"1":{"name":"useExercise","decl":{"start":{"line":66,"column":16},"end":{"line":66,"column":28}},"loc":{"start":{"line":66,"column":40},"end":{"line":73,"column":null}},"line":66},"2":{"name":"(anonymous_2)","decl":{"start":{"line":69,"column":13},"end":{"line":69,"column":19}},"loc":{"start":{"line":69,"column":19},"end":{"line":69,"column":null}},"line":69},"3":{"name":"useCreateExercise","decl":{"start":{"line":78,"column":16},"end":{"line":78,"column":36}},"loc":{"start":{"line":78,"column":36},"end":{"line":101,"column":null}},"line":78},"4":{"name":"(anonymous_4)","decl":{"start":{"line":82,"column":16},"end":{"line":82,"column":23}},"loc":{"start":{"line":82,"column":47},"end":{"line":86,"column":null}},"line":82},"5":{"name":"(anonymous_5)","decl":{"start":{"line":87,"column":15},"end":{"line":87,"column":16}},"loc":{"start":{"line":87,"column":32},"end":{"line":95,"column":null}},"line":87},"6":{"name":"(anonymous_6)","decl":{"start":{"line":92,"column":58},"end":{"line":92,"column":59}},"loc":{"start":{"line":92,"column":72},"end":{"line":92,"column":93}},"line":92},"7":{"name":"(anonymous_7)","decl":{"start":{"line":96,"column":13},"end":{"line":96,"column":14}},"loc":{"start":{"line":96,"column":31},"end":{"line":99,"column":null}},"line":96},"8":{"name":"useUpdateExercise","decl":{"start":{"line":106,"column":16},"end":{"line":106,"column":36}},"loc":{"start":{"line":106,"column":36},"end":{"line":124,"column":null}},"line":106},"9":{"name":"(anonymous_9)","decl":{"start":{"line":110,"column":16},"end":{"line":110,"column":17}},"loc":{"start":{"line":111,"column":6},"end":{"line":111,"column":null}},"line":111},"10":{"name":"(anonymous_10)","decl":{"start":{"line":112,"column":15},"end":{"line":112,"column":16}},"loc":{"start":{"line":112,"column":36},"end":{"line":118,"column":null}},"line":112},"11":{"name":"(anonymous_11)","decl":{"start":{"line":119,"column":13},"end":{"line":119,"column":14}},"loc":{"start":{"line":119,"column":31},"end":{"line":122,"column":null}},"line":119},"12":{"name":"useDeleteExercise","decl":{"start":{"line":129,"column":16},"end":{"line":129,"column":36}},"loc":{"start":{"line":129,"column":36},"end":{"line":150,"column":null}},"line":129},"13":{"name":"(anonymous_13)","decl":{"start":{"line":134,"column":15},"end":{"line":134,"column":16}},"loc":{"start":{"line":134,"column":33},"end":{"line":144,"column":null}},"line":134},"14":{"name":"(anonymous_14)","decl":{"start":{"line":136,"column":58},"end":{"line":136,"column":59}},"loc":{"start":{"line":137,"column":8},"end":{"line":137,"column":null}},"line":137},"15":{"name":"(anonymous_15)","decl":{"start":{"line":137,"column":19},"end":{"line":137,"column":20}},"loc":{"start":{"line":137,"column":27},"end":{"line":137,"column":46}},"line":137},"16":{"name":"(anonymous_16)","decl":{"start":{"line":145,"column":13},"end":{"line":145,"column":14}},"loc":{"start":{"line":145,"column":31},"end":{"line":148,"column":null}},"line":145}},"branchMap":{"0":{"loc":{"start":{"line":92,"column":59},"end":{"line":92,"column":72}},"type":"default-arg","locations":[{"start":{"line":92,"column":65},"end":{"line":92,"column":72}}],"line":92},"1":{"loc":{"start":{"line":98,"column":18},"end":{"line":98,"column":64}},"type":"binary-expr","locations":[{"start":{"line":98,"column":18},"end":{"line":98,"column":35}},{"start":{"line":98,"column":35},"end":{"line":98,"column":64}}],"line":98},"2":{"loc":{"start":{"line":121,"column":18},"end":{"line":121,"column":69}},"type":"binary-expr","locations":[{"start":{"line":121,"column":18},"end":{"line":121,"column":35}},{"start":{"line":121,"column":35},"end":{"line":121,"column":69}}],"line":121},"3":{"loc":{"start":{"line":136,"column":59},"end":{"line":136,"column":null}},"type":"default-arg","locations":[{"start":{"line":136,"column":65},"end":{"line":136,"column":null}}],"line":136},"4":{"loc":{"start":{"line":147,"column":18},"end":{"line":147,"column":109}},"type":"binary-expr","locations":[{"start":{"line":147,"column":18},"end":{"line":147,"column":35}},{"start":{"line":147,"column":35},"end":{"line":147,"column":109}}],"line":147}},"s":{"0":1,"1":2,"2":0,"3":0,"4":0,"5":0,"6":0,"7":0,"8":0,"9":0,"10":0,"11":0,"12":0,"13":0,"14":0,"15":0,"16":0,"17":0,"18":0,"19":0,"20":0,"21":0,"22":0,"23":0,"24":0,"25":0,"26":0,"27":0,"28":0,"29":0,"30":0},"f":{"0":2,"1":0,"2":0,"3":0,"4":0,"5":0,"6":0,"7":0,"8":0,"9":0,"10":0,"11":0,"12":0,"13":0,"14":0,"15":0,"16":0},"b":{"0":[0],"1":[0,0],"2":[0,0],"3":[0],"4":[0,0]},"meta":{"lastBranch":5,"lastFunction":17,"lastStatement":31,"seen":{"s:15:30:22:Infinity":0,"f:55:16:55:31":0,"s:56:2:60:Infinity":1,"f:66:16:66:28":1,"s:67:2:72:Infinity":2,"f:69:13:69:19":2,"s:69:19:69:Infinity":3,"f:78:16:78:36":3,"s:79:8:79:Infinity":4,"s:81:2:100:Infinity":5,"f:82:16:82:23":4,"s:84:24:84:Infinity":6,"s:85:6:85:Infinity":7,"f:87:15:87:16":5,"s:89:6:89:Infinity":8,"s:92:6:92:Infinity":9,"f:92:58:92:59":6,"s:92:72:92:93":10,"b:92:65:92:72":0,"s:94:6:94:Infinity":11,"f:96:13:96:14":7,"s:97:6:97:Infinity":12,"s:98:6:98:Infinity":13,"b:98:18:98:35:98:35:98:64":1,"f:106:16:106:36":8,"s:107:8:107:Infinity":14,"s:109:2:123:Infinity":15,"f:110:16:110:17":9,"s:111:6:111:Infinity":16,"f:112:15:112:16":10,"s:114:6:114:Infinity":17,"s:115:6:115:Infinity":18,"s:117:6:117:Infinity":19,"f:119:13:119:14":11,"s:120:6:120:Infinity":20,"s:121:6:121:Infinity":21,"b:121:18:121:35:121:35:121:69":2,"f:129:16:129:36":12,"s:130:8:130:Infinity":22,"s:132:2:149:Infinity":23,"f:134:15:134:16":13,"s:136:6:138:Infinity":24,"f:136:58:136:59":14,"s:137:8:137:Infinity":25,"b:136:65:136:Infinity":3,"f:137:19:137:20":15,"s:137:27:137:46":26,"s:141:6:141:Infinity":27,"s:143:6:143:Infinity":28,"f:145:13:145:14":16,"s:146:6:146:Infinity":29,"s:147:6:147:Infinity":30,"b:147:18:147:35:147:35:147:109":4},"fnNames":{}}}
,"E:\\Johan\\DEv\\Gym\\src\\app\\hooks\\useInvoices.ts": {"path":"E:\\Johan\\DEv\\Gym\\src\\app\\hooks\\useInvoices.ts","statementMap":{"0":{"start":{"line":5,"column":27},"end":{"line":8,"column":null}},"1":{"start":{"line":7,"column":30},"end":{"line":7,"column":null}},"2":{"start":{"line":11,"column":2},"end":{"line":17,"column":null}},"3":{"start":{"line":13,"column":19},"end":{"line":13,"column":null}},"4":{"start":{"line":21,"column":2},"end":{"line":28,"column":null}},"5":{"start":{"line":23,"column":19},"end":{"line":23,"column":null}},"6":{"start":{"line":32,"column":8},"end":{"line":32,"column":null}},"7":{"start":{"line":33,"column":2},"end":{"line":44,"column":null}},"8":{"start":{"line":35,"column":6},"end":{"line":35,"column":null}},"9":{"start":{"line":37,"column":6},"end":{"line":37,"column":null}},"10":{"start":{"line":38,"column":6},"end":{"line":38,"column":null}},"11":{"start":{"line":39,"column":6},"end":{"line":39,"column":null}},"12":{"start":{"line":42,"column":6},"end":{"line":42,"column":null}}},"fnMap":{"0":{"name":"(anonymous_0)","decl":{"start":{"line":7,"column":10},"end":{"line":7,"column":11}},"loc":{"start":{"line":7,"column":30},"end":{"line":7,"column":null}},"line":7},"1":{"name":"useInvoices","decl":{"start":{"line":10,"column":16},"end":{"line":10,"column":28}},"loc":{"start":{"line":10,"column":76},"end":{"line":18,"column":null}},"line":10},"2":{"name":"(anonymous_2)","decl":{"start":{"line":13,"column":13},"end":{"line":13,"column":19}},"loc":{"start":{"line":13,"column":19},"end":{"line":13,"column":null}},"line":13},"3":{"name":"useUserInvoices","decl":{"start":{"line":20,"column":16},"end":{"line":20,"column":32}},"loc":{"start":{"line":20,"column":48},"end":{"line":29,"column":null}},"line":20},"4":{"name":"(anonymous_4)","decl":{"start":{"line":23,"column":13},"end":{"line":23,"column":19}},"loc":{"start":{"line":23,"column":19},"end":{"line":23,"column":null}},"line":23},"5":{"name":"usePayInvoice","decl":{"start":{"line":31,"column":16},"end":{"line":31,"column":32}},"loc":{"start":{"line":31,"column":32},"end":{"line":45,"column":null}},"line":31},"6":{"name":"(anonymous_6)","decl":{"start":{"line":34,"column":16},"end":{"line":34,"column":17}},"loc":{"start":{"line":35,"column":6},"end":{"line":35,"column":null}},"line":35},"7":{"name":"(anonymous_7)","decl":{"start":{"line":36,"column":15},"end":{"line":36,"column":21}},"loc":{"start":{"line":36,"column":21},"end":{"line":40,"column":null}},"line":36},"8":{"name":"(anonymous_8)","decl":{"start":{"line":41,"column":13},"end":{"line":41,"column":14}},"loc":{"start":{"line":41,"column":31},"end":{"line":43,"column":null}},"line":41}},"branchMap":{},"s":{"0":1,"1":0,"2":2,"3":1,"4":0,"5":0,"6":4,"7":4,"8":2,"9":1,"10":1,"11":1,"12":1},"f":{"0":0,"1":2,"2":1,"3":0,"4":0,"5":4,"6":2,"7":1,"8":1},"b":{},"meta":{"lastBranch":0,"lastFunction":9,"lastStatement":13,"seen":{"s:5:27:8:Infinity":0,"f:7:10:7:11":0,"s:7:30:7:Infinity":1,"f:10:16:10:28":1,"s:11:2:17:Infinity":2,"f:13:13:13:19":2,"s:13:19:13:Infinity":3,"f:20:16:20:32":3,"s:21:2:28:Infinity":4,"f:23:13:23:19":4,"s:23:19:23:Infinity":5,"f:31:16:31:32":5,"s:32:8:32:Infinity":6,"s:33:2:44:Infinity":7,"f:34:16:34:17":6,"s:35:6:35:Infinity":8,"f:36:15:36:21":7,"s:37:6:37:Infinity":9,"s:38:6:38:Infinity":10,"s:39:6:39:Infinity":11,"f:41:13:41:14":8,"s:42:6:42:Infinity":12},"fnNames":{}}}
,"E:\\Johan\\DEv\\Gym\\src\\app\\hooks\\usePayments.ts": {"path":"E:\\Johan\\DEv\\Gym\\src\\app\\hooks\\usePayments.ts","statementMap":{"0":{"start":{"line":12,"column":27},"end":{"line":15,"column":null}},"1":{"start":{"line":14,"column":30},"end":{"line":14,"column":null}},"2":{"start":{"line":21,"column":2},"end":{"line":28,"column":null}},"3":{"start":{"line":35,"column":2},"end":{"line":48,"column":null}},"4":{"start":{"line":38,"column":6},"end":{"line":38,"column":null}},"5":{"start":{"line":39,"column":21},"end":{"line":39,"column":null}},"6":{"start":{"line":40,"column":6},"end":{"line":40,"column":null}},"7":{"start":{"line":41,"column":6},"end":{"line":41,"column":null}},"8":{"start":{"line":55,"column":8},"end":{"line":55,"column":null}},"9":{"start":{"line":57,"column":2},"end":{"line":82,"column":null}},"10":{"start":{"line":58,"column":43},"end":{"line":58,"column":null}},"11":{"start":{"line":61,"column":6},"end":{"line":61,"column":null}},"12":{"start":{"line":63,"column":6},"end":{"line":63,"column":null}},"13":{"start":{"line":65,"column":6},"end":{"line":65,"column":null}},"14":{"start":{"line":66,"column":6},"end":{"line":66,"column":null}},"15":{"start":{"line":69,"column":6},"end":{"line":69,"column":null}},"16":{"start":{"line":70,"column":22},"end":{"line":70,"column":null}},"17":{"start":{"line":72,"column":6},"end":{"line":80,"column":null}},"18":{"start":{"line":73,"column":8},"end":{"line":75,"column":null}},"19":{"start":{"line":77,"column":8},"end":{"line":79,"column":null}}},"fnMap":{"0":{"name":"(anonymous_0)","decl":{"start":{"line":14,"column":10},"end":{"line":14,"column":11}},"loc":{"start":{"line":14,"column":30},"end":{"line":14,"column":null}},"line":14},"1":{"name":"usePayments","decl":{"start":{"line":20,"column":16},"end":{"line":20,"column":30}},"loc":{"start":{"line":20,"column":30},"end":{"line":29,"column":null}},"line":20},"2":{"name":"useUserPayments","decl":{"start":{"line":34,"column":16},"end":{"line":34,"column":32}},"loc":{"start":{"line":34,"column":48},"end":{"line":49,"column":null}},"line":34},"3":{"name":"(anonymous_3)","decl":{"start":{"line":37,"column":13},"end":{"line":37,"column":25}},"loc":{"start":{"line":37,"column":25},"end":{"line":42,"column":null}},"line":37},"4":{"name":"useCreatePayment","decl":{"start":{"line":54,"column":16},"end":{"line":54,"column":35}},"loc":{"start":{"line":54,"column":35},"end":{"line":83,"column":null}},"line":54},"5":{"name":"(anonymous_5)","decl":{"start":{"line":58,"column":16},"end":{"line":58,"column":17}},"loc":{"start":{"line":58,"column":43},"end":{"line":58,"column":null}},"line":58},"6":{"name":"(anonymous_6)","decl":{"start":{"line":59,"column":15},"end":{"line":59,"column":16}},"loc":{"start":{"line":59,"column":33},"end":{"line":67,"column":null}},"line":59},"7":{"name":"(anonymous_7)","decl":{"start":{"line":68,"column":13},"end":{"line":68,"column":14}},"loc":{"start":{"line":68,"column":31},"end":{"line":81,"column":null}},"line":68}},"branchMap":{"0":{"loc":{"start":{"line":70,"column":22},"end":{"line":70,"column":null}},"type":"binary-expr","locations":[{"start":{"line":70,"column":22},"end":{"line":70,"column":39}},{"start":{"line":70,"column":39},"end":{"line":70,"column":null}}],"line":70},"1":{"loc":{"start":{"line":72,"column":6},"end":{"line":80,"column":null}},"type":"if","locations":[{"start":{"line":72,"column":6},"end":{"line":80,"column":null}},{"start":{"line":76,"column":13},"end":{"line":80,"column":null}}],"line":72},"2":{"loc":{"start":{"line":72,"column":10},"end":{"line":72,"column":76}},"type":"binary-expr","locations":[{"start":{"line":72,"column":10},"end":{"line":72,"column":39}},{"start":{"line":72,"column":39},"end":{"line":72,"column":76}}],"line":72}},"s":{"0":1,"1":0,"2":2,"3":0,"4":0,"5":0,"6":0,"7":0,"8":0,"9":0,"10":0,"11":0,"12":0,"13":0,"14":0,"15":0,"16":0,"17":0,"18":0,"19":0},"f":{"0":0,"1":2,"2":0,"3":0,"4":0,"5":0,"6":0,"7":0},"b":{"0":[0,0],"1":[0,0],"2":[0,0]},"meta":{"lastBranch":3,"lastFunction":8,"lastStatement":20,"seen":{"s:12:27:15:Infinity":0,"f:14:10:14:11":0,"s:14:30:14:Infinity":1,"f:20:16:20:30":1,"s:21:2:28:Infinity":2,"f:34:16:34:32":2,"s:35:2:48:Infinity":3,"f:37:13:37:25":3,"s:38:6:38:Infinity":4,"s:39:21:39:Infinity":5,"s:40:6:40:Infinity":6,"s:41:6:41:Infinity":7,"f:54:16:54:35":4,"s:55:8:55:Infinity":8,"s:57:2:82:Infinity":9,"f:58:16:58:17":5,"s:58:43:58:Infinity":10,"f:59:15:59:16":6,"s:61:6:61:Infinity":11,"s:63:6:63:Infinity":12,"s:65:6:65:Infinity":13,"s:66:6:66:Infinity":14,"f:68:13:68:14":7,"s:69:6:69:Infinity":15,"s:70:22:70:Infinity":16,"b:70:22:70:39:70:39:70:Infinity":0,"b:72:6:80:Infinity:76:13:80:Infinity":1,"s:72:6:80:Infinity":17,"b:72:10:72:39:72:39:72:76":2,"s:73:8:75:Infinity":18,"s:77:8:79:Infinity":19},"fnNames":{}}}
,"E:\\Johan\\DEv\\Gym\\src\\app\\hooks\\usePlans.ts": {"path":"E:\\Johan\\DEv\\Gym\\src\\app\\hooks\\usePlans.ts","statementMap":{"0":{"start":{"line":5,"column":24},"end":{"line":7,"column":null}},"1":{"start":{"line":10,"column":2},"end":{"line":15,"column":null}},"2":{"start":{"line":19,"column":8},"end":{"line":19,"column":null}},"3":{"start":{"line":20,"column":2},"end":{"line":29,"column":null}},"4":{"start":{"line":21,"column":104},"end":{"line":21,"column":null}},"5":{"start":{"line":23,"column":6},"end":{"line":23,"column":null}},"6":{"start":{"line":24,"column":6},"end":{"line":24,"column":null}},"7":{"start":{"line":27,"column":6},"end":{"line":27,"column":null}},"8":{"start":{"line":33,"column":8},"end":{"line":33,"column":null}},"9":{"start":{"line":34,"column":2},"end":{"line":43,"column":null}},"10":{"start":{"line":35,"column":61},"end":{"line":35,"column":null}},"11":{"start":{"line":37,"column":6},"end":{"line":37,"column":null}},"12":{"start":{"line":38,"column":6},"end":{"line":38,"column":null}},"13":{"start":{"line":41,"column":6},"end":{"line":41,"column":null}},"14":{"start":{"line":47,"column":8},"end":{"line":47,"column":null}},"15":{"start":{"line":48,"column":2},"end":{"line":57,"column":null}},"16":{"start":{"line":49,"column":32},"end":{"line":49,"column":null}},"17":{"start":{"line":51,"column":6},"end":{"line":51,"column":null}},"18":{"start":{"line":52,"column":6},"end":{"line":52,"column":null}},"19":{"start":{"line":55,"column":6},"end":{"line":55,"column":null}}},"fnMap":{"0":{"name":"usePlans","decl":{"start":{"line":9,"column":16},"end":{"line":9,"column":27}},"loc":{"start":{"line":9,"column":27},"end":{"line":16,"column":null}},"line":9},"1":{"name":"useCreatePlan","decl":{"start":{"line":18,"column":16},"end":{"line":18,"column":32}},"loc":{"start":{"line":18,"column":32},"end":{"line":30,"column":null}},"line":18},"2":{"name":"(anonymous_2)","decl":{"start":{"line":21,"column":16},"end":{"line":21,"column":17}},"loc":{"start":{"line":21,"column":104},"end":{"line":21,"column":null}},"line":21},"3":{"name":"(anonymous_3)","decl":{"start":{"line":22,"column":15},"end":{"line":22,"column":21}},"loc":{"start":{"line":22,"column":21},"end":{"line":25,"column":null}},"line":22},"4":{"name":"(anonymous_4)","decl":{"start":{"line":26,"column":13},"end":{"line":26,"column":14}},"loc":{"start":{"line":26,"column":31},"end":{"line":28,"column":null}},"line":26},"5":{"name":"useUpdatePlan","decl":{"start":{"line":32,"column":16},"end":{"line":32,"column":32}},"loc":{"start":{"line":32,"column":32},"end":{"line":44,"column":null}},"line":32},"6":{"name":"(anonymous_6)","decl":{"start":{"line":35,"column":16},"end":{"line":35,"column":17}},"loc":{"start":{"line":35,"column":61},"end":{"line":35,"column":null}},"line":35},"7":{"name":"(anonymous_7)","decl":{"start":{"line":36,"column":15},"end":{"line":36,"column":21}},"loc":{"start":{"line":36,"column":21},"end":{"line":39,"column":null}},"line":36},"8":{"name":"(anonymous_8)","decl":{"start":{"line":40,"column":13},"end":{"line":40,"column":14}},"loc":{"start":{"line":40,"column":31},"end":{"line":42,"column":null}},"line":40},"9":{"name":"useDeletePlan","decl":{"start":{"line":46,"column":16},"end":{"line":46,"column":32}},"loc":{"start":{"line":46,"column":32},"end":{"line":58,"column":null}},"line":46},"10":{"name":"(anonymous_10)","decl":{"start":{"line":49,"column":16},"end":{"line":49,"column":17}},"loc":{"start":{"line":49,"column":32},"end":{"line":49,"column":null}},"line":49},"11":{"name":"(anonymous_11)","decl":{"start":{"line":50,"column":15},"end":{"line":50,"column":21}},"loc":{"start":{"line":50,"column":21},"end":{"line":53,"column":null}},"line":50},"12":{"name":"(anonymous_12)","decl":{"start":{"line":54,"column":13},"end":{"line":54,"column":14}},"loc":{"start":{"line":54,"column":31},"end":{"line":56,"column":null}},"line":54}},"branchMap":{},"s":{"0":1,"1":4,"2":2,"3":2,"4":1,"5":1,"6":1,"7":0,"8":2,"9":2,"10":1,"11":1,"12":1,"13":0,"14":2,"15":2,"16":1,"17":1,"18":1,"19":0},"f":{"0":4,"1":2,"2":1,"3":1,"4":0,"5":2,"6":1,"7":1,"8":0,"9":2,"10":1,"11":1,"12":0},"b":{},"meta":{"lastBranch":0,"lastFunction":13,"lastStatement":20,"seen":{"s:5:24:7:Infinity":0,"f:9:16:9:27":0,"s:10:2:15:Infinity":1,"f:18:16:18:32":1,"s:19:8:19:Infinity":2,"s:20:2:29:Infinity":3,"f:21:16:21:17":2,"s:21:104:21:Infinity":4,"f:22:15:22:21":3,"s:23:6:23:Infinity":5,"s:24:6:24:Infinity":6,"f:26:13:26:14":4,"s:27:6:27:Infinity":7,"f:32:16:32:32":5,"s:33:8:33:Infinity":8,"s:34:2:43:Infinity":9,"f:35:16:35:17":6,"s:35:61:35:Infinity":10,"f:36:15:36:21":7,"s:37:6:37:Infinity":11,"s:38:6:38:Infinity":12,"f:40:13:40:14":8,"s:41:6:41:Infinity":13,"f:46:16:46:32":9,"s:47:8:47:Infinity":14,"s:48:2:57:Infinity":15,"f:49:16:49:17":10,"s:49:32:49:Infinity":16,"f:50:15:50:21":11,"s:51:6:51:Infinity":17,"s:52:6:52:Infinity":18,"f:54:13:54:14":12,"s:55:6:55:Infinity":19},"fnNames":{}}}
,"E:\\Johan\\DEv\\Gym\\src\\app\\hooks\\useRoutines.ts": {"path":"E:\\Johan\\DEv\\Gym\\src\\app\\hooks\\useRoutines.ts","statementMap":{"0":{"start":{"line":12,"column":27},"end":{"line":19,"column":null}},"1":{"start":{"line":14,"column":26},"end":{"line":14,"column":null}},"2":{"start":{"line":16,"column":4},"end":{"line":16,"column":null}},"3":{"start":{"line":17,"column":40},"end":{"line":17,"column":null}},"4":{"start":{"line":18,"column":39},"end":{"line":18,"column":null}},"5":{"start":{"line":25,"column":2},"end":{"line":30,"column":null}},"6":{"start":{"line":37,"column":2},"end":{"line":42,"column":null}},"7":{"start":{"line":39,"column":19},"end":{"line":39,"column":null}},"8":{"start":{"line":49,"column":8},"end":{"line":49,"column":null}},"9":{"start":{"line":51,"column":2},"end":{"line":61,"column":null}},"10":{"start":{"line":52,"column":67},"end":{"line":52,"column":null}},"11":{"start":{"line":54,"column":6},"end":{"line":54,"column":null}},"12":{"start":{"line":55,"column":6},"end":{"line":55,"column":null}},"13":{"start":{"line":58,"column":6},"end":{"line":58,"column":null}},"14":{"start":{"line":59,"column":6},"end":{"line":59,"column":null}},"15":{"start":{"line":68,"column":8},"end":{"line":68,"column":null}},"16":{"start":{"line":70,"column":2},"end":{"line":81,"column":null}},"17":{"start":{"line":72,"column":6},"end":{"line":72,"column":null}},"18":{"start":{"line":74,"column":6},"end":{"line":74,"column":null}},"19":{"start":{"line":75,"column":6},"end":{"line":75,"column":null}},"20":{"start":{"line":78,"column":6},"end":{"line":78,"column":null}},"21":{"start":{"line":79,"column":6},"end":{"line":79,"column":null}},"22":{"start":{"line":88,"column":8},"end":{"line":88,"column":null}},"23":{"start":{"line":90,"column":2},"end":{"line":100,"column":null}},"24":{"start":{"line":91,"column":32},"end":{"line":91,"column":null}},"25":{"start":{"line":93,"column":6},"end":{"line":93,"column":null}},"26":{"start":{"line":94,"column":6},"end":{"line":94,"column":null}},"27":{"start":{"line":97,"column":6},"end":{"line":97,"column":null}},"28":{"start":{"line":98,"column":6},"end":{"line":98,"column":null}},"29":{"start":{"line":107,"column":8},"end":{"line":107,"column":null}},"30":{"start":{"line":109,"column":2},"end":{"line":120,"column":null}},"31":{"start":{"line":111,"column":6},"end":{"line":111,"column":null}},"32":{"start":{"line":113,"column":6},"end":{"line":113,"column":null}},"33":{"start":{"line":114,"column":6},"end":{"line":114,"column":null}},"34":{"start":{"line":117,"column":6},"end":{"line":117,"column":null}},"35":{"start":{"line":118,"column":6},"end":{"line":118,"column":null}},"36":{"start":{"line":127,"column":2},"end":{"line":132,"column":null}},"37":{"start":{"line":129,"column":19},"end":{"line":129,"column":null}},"38":{"start":{"line":139,"column":2},"end":{"line":145,"column":null}},"39":{"start":{"line":141,"column":19},"end":{"line":141,"column":null}},"40":{"start":{"line":152,"column":8},"end":{"line":152,"column":null}},"41":{"start":{"line":154,"column":2},"end":{"line":163,"column":null}},"42":{"start":{"line":155,"column":53},"end":{"line":155,"column":null}},"43":{"start":{"line":157,"column":6},"end":{"line":157,"column":null}},"44":{"start":{"line":158,"column":6},"end":{"line":158,"column":null}},"45":{"start":{"line":161,"column":6},"end":{"line":161,"column":null}},"46":{"start":{"line":170,"column":2},"end":{"line":176,"column":null}},"47":{"start":{"line":172,"column":19},"end":{"line":172,"column":null}},"48":{"start":{"line":183,"column":2},"end":{"line":189,"column":null}},"49":{"start":{"line":185,"column":19},"end":{"line":185,"column":null}},"50":{"start":{"line":196,"column":8},"end":{"line":196,"column":null}},"51":{"start":{"line":198,"column":2},"end":{"line":213,"column":null}},"52":{"start":{"line":204,"column":10},"end":{"line":204,"column":null}},"53":{"start":{"line":206,"column":6},"end":{"line":206,"column":null}},"54":{"start":{"line":207,"column":6},"end":{"line":207,"column":null}},"55":{"start":{"line":210,"column":6},"end":{"line":210,"column":null}},"56":{"start":{"line":211,"column":6},"end":{"line":211,"column":null}},"57":{"start":{"line":220,"column":8},"end":{"line":220,"column":null}},"58":{"start":{"line":222,"column":2},"end":{"line":232,"column":null}},"59":{"start":{"line":223,"column":39},"end":{"line":223,"column":null}},"60":{"start":{"line":225,"column":6},"end":{"line":225,"column":null}},"61":{"start":{"line":226,"column":6},"end":{"line":226,"column":null}},"62":{"start":{"line":229,"column":6},"end":{"line":229,"column":null}},"63":{"start":{"line":230,"column":6},"end":{"line":230,"column":null}},"64":{"start":{"line":239,"column":8},"end":{"line":239,"column":null}},"65":{"start":{"line":241,"column":2},"end":{"line":258,"column":null}},"66":{"start":{"line":249,"column":10},"end":{"line":249,"column":null}},"67":{"start":{"line":251,"column":6},"end":{"line":251,"column":null}},"68":{"start":{"line":252,"column":6},"end":{"line":252,"column":null}},"69":{"start":{"line":255,"column":6},"end":{"line":255,"column":null}},"70":{"start":{"line":256,"column":6},"end":{"line":256,"column":null}},"71":{"start":{"line":265,"column":8},"end":{"line":265,"column":null}},"72":{"start":{"line":267,"column":2},"end":{"line":282,"column":null}},"73":{"start":{"line":274,"column":11},"end":{"line":274,"column":null}},"74":{"start":{"line":276,"column":6},"end":{"line":276,"column":null}},"75":{"start":{"line":279,"column":6},"end":{"line":279,"column":null}},"76":{"start":{"line":280,"column":6},"end":{"line":280,"column":null}}},"fnMap":{"0":{"name":"(anonymous_0)","decl":{"start":{"line":14,"column":10},"end":{"line":14,"column":11}},"loc":{"start":{"line":14,"column":26},"end":{"line":14,"column":null}},"line":14},"1":{"name":"(anonymous_1)","decl":{"start":{"line":15,"column":15},"end":{"line":15,"column":16}},"loc":{"start":{"line":16,"column":4},"end":{"line":16,"column":null}},"line":16},"2":{"name":"(anonymous_2)","decl":{"start":{"line":17,"column":20},"end":{"line":17,"column":21}},"loc":{"start":{"line":17,"column":40},"end":{"line":17,"column":null}},"line":17},"3":{"name":"(anonymous_3)","decl":{"start":{"line":18,"column":19},"end":{"line":18,"column":20}},"loc":{"start":{"line":18,"column":39},"end":{"line":18,"column":null}},"line":18},"4":{"name":"useRoutines","decl":{"start":{"line":24,"column":16},"end":{"line":24,"column":30}},"loc":{"start":{"line":24,"column":30},"end":{"line":31,"column":null}},"line":24},"5":{"name":"useRoutine","decl":{"start":{"line":36,"column":16},"end":{"line":36,"column":27}},"loc":{"start":{"line":36,"column":39},"end":{"line":43,"column":null}},"line":36},"6":{"name":"(anonymous_6)","decl":{"start":{"line":39,"column":13},"end":{"line":39,"column":19}},"loc":{"start":{"line":39,"column":19},"end":{"line":39,"column":null}},"line":39},"7":{"name":"useCreateRoutine","decl":{"start":{"line":48,"column":16},"end":{"line":48,"column":35}},"loc":{"start":{"line":48,"column":35},"end":{"line":62,"column":null}},"line":48},"8":{"name":"(anonymous_8)","decl":{"start":{"line":52,"column":16},"end":{"line":52,"column":17}},"loc":{"start":{"line":52,"column":67},"end":{"line":52,"column":null}},"line":52},"9":{"name":"(anonymous_9)","decl":{"start":{"line":53,"column":15},"end":{"line":53,"column":21}},"loc":{"start":{"line":53,"column":21},"end":{"line":56,"column":null}},"line":53},"10":{"name":"(anonymous_10)","decl":{"start":{"line":57,"column":13},"end":{"line":57,"column":14}},"loc":{"start":{"line":57,"column":29},"end":{"line":60,"column":null}},"line":57},"11":{"name":"useUpdateRoutine","decl":{"start":{"line":67,"column":16},"end":{"line":67,"column":35}},"loc":{"start":{"line":67,"column":35},"end":{"line":82,"column":null}},"line":67},"12":{"name":"(anonymous_12)","decl":{"start":{"line":71,"column":16},"end":{"line":71,"column":17}},"loc":{"start":{"line":72,"column":6},"end":{"line":72,"column":null}},"line":72},"13":{"name":"(anonymous_13)","decl":{"start":{"line":73,"column":15},"end":{"line":73,"column":21}},"loc":{"start":{"line":73,"column":21},"end":{"line":76,"column":null}},"line":73},"14":{"name":"(anonymous_14)","decl":{"start":{"line":77,"column":13},"end":{"line":77,"column":14}},"loc":{"start":{"line":77,"column":29},"end":{"line":80,"column":null}},"line":77},"15":{"name":"useDeleteRoutine","decl":{"start":{"line":87,"column":16},"end":{"line":87,"column":35}},"loc":{"start":{"line":87,"column":35},"end":{"line":101,"column":null}},"line":87},"16":{"name":"(anonymous_16)","decl":{"start":{"line":91,"column":16},"end":{"line":91,"column":17}},"loc":{"start":{"line":91,"column":32},"end":{"line":91,"column":null}},"line":91},"17":{"name":"(anonymous_17)","decl":{"start":{"line":92,"column":15},"end":{"line":92,"column":21}},"loc":{"start":{"line":92,"column":21},"end":{"line":95,"column":null}},"line":92},"18":{"name":"(anonymous_18)","decl":{"start":{"line":96,"column":13},"end":{"line":96,"column":14}},"loc":{"start":{"line":96,"column":29},"end":{"line":99,"column":null}},"line":96},"19":{"name":"useToggleRoutineActive","decl":{"start":{"line":106,"column":16},"end":{"line":106,"column":41}},"loc":{"start":{"line":106,"column":41},"end":{"line":121,"column":null}},"line":106},"20":{"name":"(anonymous_20)","decl":{"start":{"line":110,"column":16},"end":{"line":110,"column":17}},"loc":{"start":{"line":111,"column":6},"end":{"line":111,"column":null}},"line":111},"21":{"name":"(anonymous_21)","decl":{"start":{"line":112,"column":15},"end":{"line":112,"column":16}},"loc":{"start":{"line":112,"column":33},"end":{"line":115,"column":null}},"line":112},"22":{"name":"(anonymous_22)","decl":{"start":{"line":116,"column":13},"end":{"line":116,"column":14}},"loc":{"start":{"line":116,"column":29},"end":{"line":119,"column":null}},"line":116},"23":{"name":"useRoutineAssignments","decl":{"start":{"line":126,"column":16},"end":{"line":126,"column":38}},"loc":{"start":{"line":126,"column":55},"end":{"line":133,"column":null}},"line":126},"24":{"name":"(anonymous_24)","decl":{"start":{"line":129,"column":13},"end":{"line":129,"column":19}},"loc":{"start":{"line":129,"column":19},"end":{"line":129,"column":null}},"line":129},"25":{"name":"useRoutineAssignedUsers","decl":{"start":{"line":138,"column":16},"end":{"line":138,"column":40}},"loc":{"start":{"line":138,"column":59},"end":{"line":146,"column":null}},"line":138},"26":{"name":"(anonymous_26)","decl":{"start":{"line":141,"column":13},"end":{"line":141,"column":19}},"loc":{"start":{"line":141,"column":19},"end":{"line":141,"column":null}},"line":141},"27":{"name":"useAssignRoutine","decl":{"start":{"line":151,"column":16},"end":{"line":151,"column":35}},"loc":{"start":{"line":151,"column":35},"end":{"line":164,"column":null}},"line":151},"28":{"name":"(anonymous_28)","decl":{"start":{"line":155,"column":16},"end":{"line":155,"column":17}},"loc":{"start":{"line":155,"column":53},"end":{"line":155,"column":null}},"line":155},"29":{"name":"(anonymous_29)","decl":{"start":{"line":156,"column":15},"end":{"line":156,"column":21}},"loc":{"start":{"line":156,"column":21},"end":{"line":159,"column":null}},"line":156},"30":{"name":"(anonymous_30)","decl":{"start":{"line":160,"column":13},"end":{"line":160,"column":14}},"loc":{"start":{"line":160,"column":31},"end":{"line":162,"column":null}},"line":160},"31":{"name":"useActiveRoutineAssignment","decl":{"start":{"line":169,"column":16},"end":{"line":169,"column":43}},"loc":{"start":{"line":169,"column":59},"end":{"line":177,"column":null}},"line":169},"32":{"name":"(anonymous_32)","decl":{"start":{"line":172,"column":13},"end":{"line":172,"column":19}},"loc":{"start":{"line":172,"column":19},"end":{"line":172,"column":null}},"line":172},"33":{"name":"useWorkoutSessions","decl":{"start":{"line":182,"column":16},"end":{"line":182,"column":35}},"loc":{"start":{"line":182,"column":51},"end":{"line":190,"column":null}},"line":182},"34":{"name":"(anonymous_34)","decl":{"start":{"line":185,"column":13},"end":{"line":185,"column":19}},"loc":{"start":{"line":185,"column":19},"end":{"line":185,"column":null}},"line":185},"35":{"name":"useCreateWorkoutSession","decl":{"start":{"line":195,"column":16},"end":{"line":195,"column":42}},"loc":{"start":{"line":195,"column":42},"end":{"line":214,"column":null}},"line":195},"36":{"name":"(anonymous_36)","decl":{"start":{"line":199,"column":16},"end":{"line":199,"column":17}},"loc":{"start":{"line":204,"column":10},"end":{"line":204,"column":null}},"line":204},"37":{"name":"(anonymous_37)","decl":{"start":{"line":205,"column":15},"end":{"line":205,"column":16}},"loc":{"start":{"line":205,"column":33},"end":{"line":208,"column":null}},"line":205},"38":{"name":"(anonymous_38)","decl":{"start":{"line":209,"column":13},"end":{"line":209,"column":14}},"loc":{"start":{"line":209,"column":31},"end":{"line":212,"column":null}},"line":209},"39":{"name":"useCompleteWorkoutSession","decl":{"start":{"line":219,"column":16},"end":{"line":219,"column":44}},"loc":{"start":{"line":219,"column":44},"end":{"line":233,"column":null}},"line":219},"40":{"name":"(anonymous_40)","decl":{"start":{"line":223,"column":16},"end":{"line":223,"column":17}},"loc":{"start":{"line":223,"column":39},"end":{"line":223,"column":null}},"line":223},"41":{"name":"(anonymous_41)","decl":{"start":{"line":224,"column":15},"end":{"line":224,"column":21}},"loc":{"start":{"line":224,"column":21},"end":{"line":227,"column":null}},"line":224},"42":{"name":"(anonymous_42)","decl":{"start":{"line":228,"column":13},"end":{"line":228,"column":14}},"loc":{"start":{"line":228,"column":31},"end":{"line":231,"column":null}},"line":228},"43":{"name":"useLogExercise","decl":{"start":{"line":238,"column":16},"end":{"line":238,"column":33}},"loc":{"start":{"line":238,"column":33},"end":{"line":259,"column":null}},"line":238},"44":{"name":"(anonymous_44)","decl":{"start":{"line":242,"column":16},"end":{"line":242,"column":17}},"loc":{"start":{"line":249,"column":10},"end":{"line":249,"column":null}},"line":249},"45":{"name":"(anonymous_45)","decl":{"start":{"line":250,"column":15},"end":{"line":250,"column":21}},"loc":{"start":{"line":250,"column":21},"end":{"line":253,"column":null}},"line":250},"46":{"name":"(anonymous_46)","decl":{"start":{"line":254,"column":13},"end":{"line":254,"column":14}},"loc":{"start":{"line":254,"column":31},"end":{"line":257,"column":null}},"line":254},"47":{"name":"useUpdateExerciseLog","decl":{"start":{"line":264,"column":16},"end":{"line":264,"column":39}},"loc":{"start":{"line":264,"column":39},"end":{"line":283,"column":null}},"line":264},"48":{"name":"(anonymous_48)","decl":{"start":{"line":268,"column":16},"end":{"line":268,"column":17}},"loc":{"start":{"line":274,"column":11},"end":{"line":274,"column":null}},"line":274},"49":{"name":"(anonymous_49)","decl":{"start":{"line":275,"column":15},"end":{"line":275,"column":21}},"loc":{"start":{"line":275,"column":21},"end":{"line":277,"column":null}},"line":275},"50":{"name":"(anonymous_50)","decl":{"start":{"line":278,"column":13},"end":{"line":278,"column":14}},"loc":{"start":{"line":278,"column":31},"end":{"line":281,"column":null}},"line":278}},"branchMap":{"0":{"loc":{"start":{"line":16,"column":4},"end":{"line":16,"column":null}},"type":"cond-expr","locations":[{"start":{"line":16,"column":13},"end":{"line":16,"column":56}},{"start":{"line":16,"column":56},"end":{"line":16,"column":null}}],"line":16},"1":{"loc":{"start":{"line":59,"column":18},"end":{"line":59,"column":61}},"type":"binary-expr","locations":[{"start":{"line":59,"column":18},"end":{"line":59,"column":35}},{"start":{"line":59,"column":35},"end":{"line":59,"column":61}}],"line":59},"2":{"loc":{"start":{"line":79,"column":18},"end":{"line":79,"column":66}},"type":"binary-expr","locations":[{"start":{"line":79,"column":18},"end":{"line":79,"column":35}},{"start":{"line":79,"column":35},"end":{"line":79,"column":66}}],"line":79},"3":{"loc":{"start":{"line":98,"column":18},"end":{"line":98,"column":64}},"type":"binary-expr","locations":[{"start":{"line":98,"column":18},"end":{"line":98,"column":35}},{"start":{"line":98,"column":35},"end":{"line":98,"column":64}}],"line":98},"4":{"loc":{"start":{"line":114,"column":20},"end":{"line":114,"column":81}},"type":"cond-expr","locations":[{"start":{"line":114,"column":41},"end":{"line":114,"column":61}},{"start":{"line":114,"column":61},"end":{"line":114,"column":81}}],"line":114},"5":{"loc":{"start":{"line":118,"column":18},"end":{"line":118,"column":76}},"type":"binary-expr","locations":[{"start":{"line":118,"column":18},"end":{"line":118,"column":35}},{"start":{"line":118,"column":35},"end":{"line":118,"column":76}}],"line":118},"6":{"loc":{"start":{"line":161,"column":18},"end":{"line":161,"column":60}},"type":"binary-expr","locations":[{"start":{"line":161,"column":18},"end":{"line":161,"column":35}},{"start":{"line":161,"column":35},"end":{"line":161,"column":60}}],"line":161},"7":{"loc":{"start":{"line":211,"column":18},"end":{"line":211,"column":77}},"type":"binary-expr","locations":[{"start":{"line":211,"column":18},"end":{"line":211,"column":35}},{"start":{"line":211,"column":35},"end":{"line":211,"column":77}}],"line":211},"8":{"loc":{"start":{"line":230,"column":18},"end":{"line":230,"column":62}},"type":"binary-expr","locations":[{"start":{"line":230,"column":18},"end":{"line":230,"column":35}},{"start":{"line":230,"column":35},"end":{"line":230,"column":62}}],"line":230},"9":{"loc":{"start":{"line":256,"column":18},"end":{"line":256,"column":65}},"type":"binary-expr","locations":[{"start":{"line":256,"column":18},"end":{"line":256,"column":35}},{"start":{"line":256,"column":35},"end":{"line":256,"column":65}}],"line":256},"10":{"loc":{"start":{"line":280,"column":18},"end":{"line":280,"column":66}},"type":"binary-expr","locations":[{"start":{"line":280,"column":18},"end":{"line":280,"column":35}},{"start":{"line":280,"column":35},"end":{"line":280,"column":66}}],"line":280}},"s":{"0":1,"1":0,"2":0,"3":0,"4":0,"5":2,"6":0,"7":0,"8":0,"9":0,"10":0,"11":0,"12":0,"13":0,"14":0,"15":0,"16":0,"17":0,"18":0,"19":0,"20":0,"21":0,"22":0,"23":0,"24":0,"25":0,"26":0,"27":0,"28":0,"29":0,"30":0,"31":0,"32":0,"33":0,"34":0,"35":0,"36":0,"37":0,"38":0,"39":0,"40":0,"41":0,"42":0,"43":0,"44":0,"45":0,"46":0,"47":0,"48":0,"49":0,"50":0,"51":0,"52":0,"53":0,"54":0,"55":0,"56":0,"57":0,"58":0,"59":0,"60":0,"61":0,"62":0,"63":0,"64":0,"65":0,"66":0,"67":0,"68":0,"69":0,"70":0,"71":0,"72":0,"73":0,"74":0,"75":0,"76":0},"f":{"0":0,"1":0,"2":0,"3":0,"4":2,"5":0,"6":0,"7":0,"8":0,"9":0,"10":0,"11":0,"12":0,"13":0,"14":0,"15":0,"16":0,"17":0,"18":0,"19":0,"20":0,"21":0,"22":0,"23":0,"24":0,"25":0,"26":0,"27":0,"28":0,"29":0,"30":0,"31":0,"32":0,"33":0,"34":0,"35":0,"36":0,"37":0,"38":0,"39":0,"40":0,"41":0,"42":0,"43":0,"44":0,"45":0,"46":0,"47":0,"48":0,"49":0,"50":0},"b":{"0":[0,0],"1":[0,0],"2":[0,0],"3":[0,0],"4":[0,0],"5":[0,0],"6":[0,0],"7":[0,0],"8":[0,0],"9":[0,0],"10":[0,0]},"meta":{"lastBranch":11,"lastFunction":51,"lastStatement":77,"seen":{"s:12:27:19:Infinity":0,"f:14:10:14:11":0,"s:14:26:14:Infinity":1,"f:15:15:15:16":1,"s:16:4:16:Infinity":2,"b:16:13:16:56:16:56:16:Infinity":0,"f:17:20:17:21":2,"s:17:40:17:Infinity":3,"f:18:19:18:20":3,"s:18:39:18:Infinity":4,"f:24:16:24:30":4,"s:25:2:30:Infinity":5,"f:36:16:36:27":5,"s:37:2:42:Infinity":6,"f:39:13:39:19":6,"s:39:19:39:Infinity":7,"f:48:16:48:35":7,"s:49:8:49:Infinity":8,"s:51:2:61:Infinity":9,"f:52:16:52:17":8,"s:52:67:52:Infinity":10,"f:53:15:53:21":9,"s:54:6:54:Infinity":11,"s:55:6:55:Infinity":12,"f:57:13:57:14":10,"s:58:6:58:Infinity":13,"s:59:6:59:Infinity":14,"b:59:18:59:35:59:35:59:61":1,"f:67:16:67:35":11,"s:68:8:68:Infinity":15,"s:70:2:81:Infinity":16,"f:71:16:71:17":12,"s:72:6:72:Infinity":17,"f:73:15:73:21":13,"s:74:6:74:Infinity":18,"s:75:6:75:Infinity":19,"f:77:13:77:14":14,"s:78:6:78:Infinity":20,"s:79:6:79:Infinity":21,"b:79:18:79:35:79:35:79:66":2,"f:87:16:87:35":15,"s:88:8:88:Infinity":22,"s:90:2:100:Infinity":23,"f:91:16:91:17":16,"s:91:32:91:Infinity":24,"f:92:15:92:21":17,"s:93:6:93:Infinity":25,"s:94:6:94:Infinity":26,"f:96:13:96:14":18,"s:97:6:97:Infinity":27,"s:98:6:98:Infinity":28,"b:98:18:98:35:98:35:98:64":3,"f:106:16:106:41":19,"s:107:8:107:Infinity":29,"s:109:2:120:Infinity":30,"f:110:16:110:17":20,"s:111:6:111:Infinity":31,"f:112:15:112:16":21,"s:113:6:113:Infinity":32,"s:114:6:114:Infinity":33,"b:114:41:114:61:114:61:114:81":4,"f:116:13:116:14":22,"s:117:6:117:Infinity":34,"s:118:6:118:Infinity":35,"b:118:18:118:35:118:35:118:76":5,"f:126:16:126:38":23,"s:127:2:132:Infinity":36,"f:129:13:129:19":24,"s:129:19:129:Infinity":37,"f:138:16:138:40":25,"s:139:2:145:Infinity":38,"f:141:13:141:19":26,"s:141:19:141:Infinity":39,"f:151:16:151:35":27,"s:152:8:152:Infinity":40,"s:154:2:163:Infinity":41,"f:155:16:155:17":28,"s:155:53:155:Infinity":42,"f:156:15:156:21":29,"s:157:6:157:Infinity":43,"s:158:6:158:Infinity":44,"f:160:13:160:14":30,"s:161:6:161:Infinity":45,"b:161:18:161:35:161:35:161:60":6,"f:169:16:169:43":31,"s:170:2:176:Infinity":46,"f:172:13:172:19":32,"s:172:19:172:Infinity":47,"f:182:16:182:35":33,"s:183:2:189:Infinity":48,"f:185:13:185:19":34,"s:185:19:185:Infinity":49,"f:195:16:195:42":35,"s:196:8:196:Infinity":50,"s:198:2:213:Infinity":51,"f:199:16:199:17":36,"s:204:10:204:Infinity":52,"f:205:15:205:16":37,"s:206:6:206:Infinity":53,"s:207:6:207:Infinity":54,"f:209:13:209:14":38,"s:210:6:210:Infinity":55,"s:211:6:211:Infinity":56,"b:211:18:211:35:211:35:211:77":7,"f:219:16:219:44":39,"s:220:8:220:Infinity":57,"s:222:2:232:Infinity":58,"f:223:16:223:17":40,"s:223:39:223:Infinity":59,"f:224:15:224:21":41,"s:225:6:225:Infinity":60,"s:226:6:226:Infinity":61,"f:228:13:228:14":42,"s:229:6:229:Infinity":62,"s:230:6:230:Infinity":63,"b:230:18:230:35:230:35:230:62":8,"f:238:16:238:33":43,"s:239:8:239:Infinity":64,"s:241:2:258:Infinity":65,"f:242:16:242:17":44,"s:249:10:249:Infinity":66,"f:250:15:250:21":45,"s:251:6:251:Infinity":67,"s:252:6:252:Infinity":68,"f:254:13:254:14":46,"s:255:6:255:Infinity":69,"s:256:6:256:Infinity":70,"b:256:18:256:35:256:35:256:65":9,"f:264:16:264:39":47,"s:265:8:265:Infinity":71,"s:267:2:282:Infinity":72,"f:268:16:268:17":48,"s:274:11:274:Infinity":73,"f:275:15:275:21":49,"s:276:6:276:Infinity":74,"f:278:13:278:14":50,"s:279:6:279:Infinity":75,"s:280:6:280:Infinity":76,"b:280:18:280:35:280:35:280:66":10},"fnNames":{}}}
,"E:\\Johan\\DEv\\Gym\\src\\app\\hooks\\useStaff.ts": {"path":"E:\\Johan\\DEv\\Gym\\src\\app\\hooks\\useStaff.ts","statementMap":{"0":{"start":{"line":11,"column":25},"end":{"line":14,"column":null}},"1":{"start":{"line":13,"column":26},"end":{"line":13,"column":null}},"2":{"start":{"line":20,"column":2},"end":{"line":25,"column":null}},"3":{"start":{"line":32,"column":2},"end":{"line":37,"column":null}},"4":{"start":{"line":34,"column":19},"end":{"line":34,"column":null}},"5":{"start":{"line":44,"column":8},"end":{"line":44,"column":null}},"6":{"start":{"line":46,"column":2},"end":{"line":66,"column":null}},"7":{"start":{"line":49,"column":6},"end":{"line":49,"column":null}},"8":{"start":{"line":50,"column":6},"end":{"line":50,"column":null}},"9":{"start":{"line":53,"column":6},"end":{"line":53,"column":null}},"10":{"start":{"line":54,"column":22},"end":{"line":54,"column":null}},"11":{"start":{"line":56,"column":6},"end":{"line":64,"column":null}},"12":{"start":{"line":57,"column":8},"end":{"line":59,"column":null}},"13":{"start":{"line":61,"column":8},"end":{"line":63,"column":null}},"14":{"start":{"line":73,"column":8},"end":{"line":73,"column":null}},"15":{"start":{"line":75,"column":2},"end":{"line":95,"column":null}},"16":{"start":{"line":76,"column":61},"end":{"line":76,"column":null}},"17":{"start":{"line":78,"column":6},"end":{"line":78,"column":null}},"18":{"start":{"line":79,"column":6},"end":{"line":79,"column":null}},"19":{"start":{"line":82,"column":6},"end":{"line":82,"column":null}},"20":{"start":{"line":83,"column":22},"end":{"line":83,"column":null}},"21":{"start":{"line":85,"column":6},"end":{"line":93,"column":null}},"22":{"start":{"line":86,"column":8},"end":{"line":88,"column":null}},"23":{"start":{"line":90,"column":8},"end":{"line":92,"column":null}},"24":{"start":{"line":102,"column":8},"end":{"line":102,"column":null}},"25":{"start":{"line":104,"column":2},"end":{"line":124,"column":null}},"26":{"start":{"line":107,"column":6},"end":{"line":107,"column":null}},"27":{"start":{"line":108,"column":6},"end":{"line":108,"column":null}},"28":{"start":{"line":111,"column":6},"end":{"line":111,"column":null}},"29":{"start":{"line":112,"column":22},"end":{"line":112,"column":null}},"30":{"start":{"line":114,"column":6},"end":{"line":122,"column":null}},"31":{"start":{"line":115,"column":8},"end":{"line":117,"column":null}},"32":{"start":{"line":119,"column":8},"end":{"line":121,"column":null}}},"fnMap":{"0":{"name":"(anonymous_0)","decl":{"start":{"line":13,"column":10},"end":{"line":13,"column":11}},"loc":{"start":{"line":13,"column":26},"end":{"line":13,"column":null}},"line":13},"1":{"name":"useStaff","decl":{"start":{"line":19,"column":16},"end":{"line":19,"column":27}},"loc":{"start":{"line":19,"column":27},"end":{"line":26,"column":null}},"line":19},"2":{"name":"useStaffById","decl":{"start":{"line":31,"column":16},"end":{"line":31,"column":29}},"loc":{"start":{"line":31,"column":41},"end":{"line":38,"column":null}},"line":31},"3":{"name":"(anonymous_3)","decl":{"start":{"line":34,"column":13},"end":{"line":34,"column":19}},"loc":{"start":{"line":34,"column":19},"end":{"line":34,"column":null}},"line":34},"4":{"name":"useCreateStaff","decl":{"start":{"line":43,"column":16},"end":{"line":43,"column":33}},"loc":{"start":{"line":43,"column":33},"end":{"line":67,"column":null}},"line":43},"5":{"name":"(anonymous_5)","decl":{"start":{"line":48,"column":15},"end":{"line":48,"column":21}},"loc":{"start":{"line":48,"column":21},"end":{"line":51,"column":null}},"line":48},"6":{"name":"(anonymous_6)","decl":{"start":{"line":52,"column":13},"end":{"line":52,"column":14}},"loc":{"start":{"line":52,"column":31},"end":{"line":65,"column":null}},"line":52},"7":{"name":"useUpdateStaff","decl":{"start":{"line":72,"column":16},"end":{"line":72,"column":33}},"loc":{"start":{"line":72,"column":33},"end":{"line":96,"column":null}},"line":72},"8":{"name":"(anonymous_8)","decl":{"start":{"line":76,"column":16},"end":{"line":76,"column":17}},"loc":{"start":{"line":76,"column":61},"end":{"line":76,"column":null}},"line":76},"9":{"name":"(anonymous_9)","decl":{"start":{"line":77,"column":15},"end":{"line":77,"column":21}},"loc":{"start":{"line":77,"column":21},"end":{"line":80,"column":null}},"line":77},"10":{"name":"(anonymous_10)","decl":{"start":{"line":81,"column":13},"end":{"line":81,"column":14}},"loc":{"start":{"line":81,"column":31},"end":{"line":94,"column":null}},"line":81},"11":{"name":"useDeleteStaff","decl":{"start":{"line":101,"column":16},"end":{"line":101,"column":33}},"loc":{"start":{"line":101,"column":33},"end":{"line":125,"column":null}},"line":101},"12":{"name":"(anonymous_12)","decl":{"start":{"line":106,"column":15},"end":{"line":106,"column":21}},"loc":{"start":{"line":106,"column":21},"end":{"line":109,"column":null}},"line":106},"13":{"name":"(anonymous_13)","decl":{"start":{"line":110,"column":13},"end":{"line":110,"column":14}},"loc":{"start":{"line":110,"column":31},"end":{"line":123,"column":null}},"line":110}},"branchMap":{"0":{"loc":{"start":{"line":54,"column":22},"end":{"line":54,"column":null}},"type":"binary-expr","locations":[{"start":{"line":54,"column":22},"end":{
[...]
end":{"line":395,"column":null}},"type":"cond-expr","locations":[{"start":{"line":390,"column":16},"end":{"line":393,"column":null}},{"start":{"line":395,"column":16},"end":{"line":395,"column":null}}],"line":389},"26":{"loc":{"start":{"line":392,"column":19},"end":{"line":392,"column":null}},"type":"cond-expr","locations":[{"start":{"line":392,"column":38},"end":{"line":392,"column":62}},{"start":{"line":392,"column":62},"end":{"line":392,"column":null}}],"line":392},"27":{"loc":{"start":{"line":395,"column":16},"end":{"line":395,"column":null}},"type":"cond-expr","locations":[{"start":{"line":395,"column":35},"end":{"line":395,"column":54}},{"start":{"line":395,"column":54},"end":{"line":395,"column":null}}],"line":395},"28":{"loc":{"start":{"line":400,"column":11},"end":{"line":471,"column":null}},"type":"binary-expr","locations":[{"start":{"line":400,"column":11},"end":{"line":400,"column":null}},{"start":{"line":401,"column":12},"end":{"line":471,"column":null}}],"line":400},"29":{"loc":{"start":{"line":407,"column":17},"end":{"line":407,"column":61}},"type":"cond-expr","locations":[{"start":{"line":407,"column":35},"end":{"line":407,"column":49}},{"start":{"line":407,"column":49},"end":{"line":407,"column":61}}],"line":407},"30":{"loc":{"start":{"line":410,"column":15},"end":{"line":469,"column":null}},"type":"binary-expr","locations":[{"start":{"line":410,"column":15},"end":{"line":410,"column":null}},{"start":{"line":411,"column":16},"end":{"line":469,"column":null}}],"line":410}},"s":{"0":91,"1":91,"2":91,"3":91,"4":91,"5":91,"6":91,"7":91,"8":91,"9":91,"10":91,"11":91,"12":91,"13":6,"14":0,"15":0,"16":0,"17":91,"18":2,"19":2,"20":2,"21":2,"22":2,"23":1,"24":2,"25":91,"26":2,"27":2,"28":2,"29":1,"30":1,"31":1,"32":1,"33":1,"34":0,"35":0,"36":0,"37":0,"38":0,"39":0,"40":0,"41":0,"42":0,"43":0,"44":0,"45":0,"46":0,"47":0,"48":0,"49":0,"50":0,"51":0,"52":0,"53":0,"54":0,"55":0,"56":0,"57":0,"58":0,"59":0,"60":0,"61":0,"62":91,"63":0,"64":0,"65":0,"66":0,"67":0,"68":0,"69":0,"70":0,"71":0,"72":0,"73":0,"74":0,"75":0,"76":0,"77":0,"78":0,"79":0,"80":0,"81":91,"82":0,"83":0,"84":0,"85":0,"86":91,"87":0,"88":0,"89":3,"90":3,"91":32,"92":30,"93":14,"94":0,"95":0,"96":0,"97":0,"98":0,"99":0,"100":0,"101":0},"f":{"0":91,"1":6,"2":2,"3":2,"4":0,"5":0,"6":0,"7":3,"8":32,"9":30,"10":14,"11":0,"12":0,"13":0,"14":0,"15":0,"16":0,"17":0,"18":0},"b":{"0":[0,6],"1":[0,0],"2":[1,0],"3":[1,1],"4":[1,0],"5":[0,0],"6":[0,0],"7":[0,0],"8":[0,0],"9":[0,0],"10":[0,0],"11":[0,0],"12":[0,0],"13":[0,0,0],"14":[0,0],"15":[0,0],"16":[56,35],"17":[35,56],"18":[56,35],"19":[91,35],"20":[91,35],"21":[91,35],"22":[91,35],"23":[91,35],"24":[91,3],"25":[2,89],"26":[2,0],"27":[54,35],"28":[91,56],"29":[0,56],"30":[56,0]},"meta":{"lastBranch":31,"lastFunction":19,"lastStatement":102,"seen":{"f:14:16:14:24":0,"s:15:22:15:Infinity":0,"s:16:24:16:Infinity":1,"s:17:30:17:Infinity":2,"s:18:44:18:Infinity":3,"s:19:22:19:Infinity":4,"s:20:26:20:Infinity":5,"s:21:24:21:Infinity":6,"s:22:24:22:Infinity":7,"s:23:32:23:Infinity":8,"s:24:44:24:Infinity":9,"s:26:22:26:Infinity":10,"s:27:8:27:Infinity":11,"s:30:2:38:Infinity":12,"f:30:12:30:18":1,"b:31:4:37:Infinity:undefined:undefined:undefined:undefined":0,"s:31:4:37:Infinity":13,"b:32:6:36:Infinity:34:13:36:Infinity":1,"s:32:6:36:Infinity":14,"s:33:8:33:Infinity":15,"s:35:8:35:Infinity":16,"s:40:22:52:Infinity":17,"f:40:22:40:29":2,"s:41:4:41:Infinity":18,"s:42:4:42:Infinity":19,"s:43:4:43:Infinity":20,"s:45:4:51:Infinity":21,"s:46:6:46:Infinity":22,"s:48:6:48:Infinity":23,"b:48:15:48:32:48:32:48:57":2,"s:50:6:50:Infinity":24,"s:54:25:144:Infinity":25,"f:54:25:54:32":3,"s:55:4:55:Infinity":26,"s:56:4:56:Infinity":27,"b:59:4:62:Infinity:undefined:undefined:undefined:undefined":3,"s:59:4:62:Infinity":28,"s:60:6:60:Infinity":29,"s:61:6:61:Infinity":30,"b:64:4:67:Infinity:undefined:undefined:undefined:undefined":4,"s:64:4:67:Infinity":31,"s:65:6:65:Infinity":32,"s:66:6:66:Infinity":33,"b:69:4:72:Infinity:undefined:undefined:undefined:undefined":5,"s:69:4:72:Infinity":34,"s:70:6:70:Infinity":35,"s:71:6:71:Infinity":36,"b:74:4:77:Infinity:undefined:undefined:undefined:undefined":6,"s:74:4:77:Infinity":37,"s:75:6:75:Infinity":38,"s:76:6:76:Infinity":39,"s:79:4:79:Infinity":40,"s:81:4:143:Infinity":41,"s:83:27:83:Infinity":42,"s:86:51:96:Infinity":43,"b:98:6:100:Infinity:undefined:undefined:undefined:undefined":7,"s:98:6:100:Infinity":44,"s:99:8:99:Infinity":45,"b:102:6:104:Infinity:undefined:undefined:undefined:undefined":8,"s:102:6:104:Infinity":46,"s:103:8:103:Infinity":47,"s:107:35:120:Infinity":48,"b:113:17:113:26:113:26:113:Infinity":9,"b:122:6:126:Infinity:undefined:undefined:undefined:undefined":10,"s:122:6:126:Infinity":49,"s:124:8:124:Infinity":50,"s:125:8:125:Infinity":51,"s:128:6:128:Infinity":52,"s:131:6:131:Infinity":53,"s:132:6:132:Infinity":54,"s:133:6:133:Infinity":55,"s:134:6:134:Infinity":56,"s:135:6:135:Infinity":57,"s:136:6:136:Infinity":58,"s:139:6:139:Infinity":59,"s:140:6:140:Infinity":60,"b:140:15:140:32:140:32:140:58":11,"s:142:6:142:Infinity":61,"s:147:37:194:Infinity":62,"f:147:37:147:66":4,"s:148:19:148:Infinity":63,"s:149:24:149:Infinity":64,"s:151:4:189:Infinity":65,"s:152:6:188:Infinity":66,"s:154:44:159:Infinity":67,"s:161:25:161:Infinity":68,"b:163:8:169:Infinity:undefined:undefined:undefined:undefined":12,"s:163:8:169:Infinity":69,"b:163:12:163:22:163:22:163:36:163:36:163:62":13,"s:165:24:165:Infinity":70,"b:166:10:168:Infinity:undefined:undefined:undefined:undefined":14,"s:166:10:168:Infinity":71,"s:167:12:167:Infinity":72,"s:172:29:172:Infinity":73,"s:175:35:179:Infinity":74,"b:181:8:183:Infinity:undefined:undefined:undefined:undefined":15,"s:181:8:183:Infinity":75,"s:182:10:182:Infinity":76,"s:185:8:185:Infinity":77,"s:187:8:187:Infinity":78,"s:192:22:192:Infinity":79,"s:193:4:193:Infinity":80,"s:196:26:207:Infinity":81,"f:196:26:196:27":5,"s:197:24:202:Infinity":82,"s:204:4:204:Infinity":83,"s:205:4:205:Infinity":84,"s:206:4:206:Infinity":85,"s:209:2:487:Infinity":86,"f:232:23:232:29":6,"s:233:16:233:Infinity":87,"s:234:16:234:Infinity":88,"b:238:20:238:Infinity:239:20:239:Infinity":16,"f:247:23:247:29":7,"s:248:16:248:Infinity":89,"s:249:16:249:Infinity":90,"b:253:20:253:Infinity:254:20:254:Infinity":17,"b:262:45:262:59:262:59:262:75":18,"b:263:13:263:Infinity:264:14:269:Infinity":19,"f:281:26:281:27":8,"s:281:33:281:Infinity":91,"f:297:26:297:27":9,"s:297:33:297:Infinity":92,"b:304:13:304:Infinity:305:14:319:Infinity":20,"f:314:28:314:29":10,"s:314:35:314:Infinity":93,"b:322:13:322:Infinity:323:14:337:Infinity":21,"f:332:28:332:29":11,"s:332:35:332:Infinity":94,"b:340:13:340:Infinity:341:14:355:Infinity":22,"f:350:28:350:29":12,"s:350:35:350:Infinity":95,"b:358:13:358:Infinity:359:14:372:Infinity":23,"f:368:28:368:29":13,"s:368:35:368:Infinity":96,"b:375:13:375:Infinity:376:14:381:Infinity":24,"b:390:16:393:Infinity:395:16:395:Infinity":25,"b:392:38:392:62:392:62:392:Infinity":26,"b:395:35:395:54:395:54:395:Infinity":27,"b:400:11:400:Infinity:401:12:471:Infinity":28,"f:404:25:404:31":14,"s:404:31:404:Infinity":97,"b:407:35:407:49:407:49:407:61":29,"b:410:15:410:Infinity:411:16:469:Infinity":30,"f:416:29:416:35":15,"s:416:35:416:Infinity":98,"f:430:29:430:35":16,"s:430:35:430:Infinity":99,"f:444:29:444:35":17,"s:444:35:444:Infinity":100,"f:458:29:458:35":18,"s:458:35:458:Infinity":101},"fnNames":{}}}
,"E:\\Johan\\DEv\\Gym\\src\\test\\test-utils.tsx": {"path":"E:\\Johan\\DEv\\Gym\\src\\test\\test-utils.tsx","statementMap":{"0":{"start":{"line":6,"column":2},"end":{"line":11,"column":null}},"1":{"start":{"line":19,"column":22},"end":{"line":19,"column":null}},"2":{"start":{"line":20,"column":2},"end":{"line":23,"column":null}},"3":{"start":{"line":31,"column":2},"end":{"line":31,"column":null}}},"fnMap":{"0":{"name":"createTestQueryClient","decl":{"start":{"line":5,"column":9},"end":{"line":5,"column":33}},"loc":{"start":{"line":5,"column":33},"end":{"line":12,"column":null}},"line":5},"1":{"name":"TestWrapper","decl":{"start":{"line":18,"column":16},"end":{"line":18,"column":28}},"loc":{"start":{"line":18,"column":60},"end":{"line":25,"column":null}},"line":18},"2":{"name":"renderWithProviders","decl":{"start":{"line":27,"column":16},"end":{"line":27,"column":null}},"loc":{"start":{"line":30,"column":2},"end":{"line":32,"column":null}},"line":30}},"branchMap":{},"s":{"0":26,"1":26,"2":26,"3":0},"f":{"0":26,"1":26,"2":0},"b":{},"meta":{"lastBranch":0,"lastFunction":3,"lastStatement":4,"seen":{"f:5:9:5:33":0,"s:6:2:11:Infinity":0,"f:18:16:18:28":1,"s:19:22:19:Infinity":1,"s:20:2:23:Infinity":2,"f:27:16:27:Infinity":2,"s:31:2:31:Infinity":3},"fnNames":{}}}
,"E:\\Johan\\DEv\\Gym\\src\\test\\mocks\\handlers.ts": {"path":"E:\\Johan\\DEv\\Gym\\src\\test\\mocks\\handlers.ts","statementMap":{"0":{"start":{"line":3,"column":24},"end":{"line":3,"column":null}},"1":{"start":{"line":5,"column":25},"end":{"line":51,"column":null}},"2":{"start":{"line":53,"column":25},"end":{"line":57,"column":null}},"3":{"start":{"line":59,"column":25},"end":{"line":78,"column":null}},"4":{"start":{"line":80,"column":28},"end":{"line":101,"column":null}},"5":{"start":{"line":103,"column":30},"end":{"line":120,"column":null}},"6":{"start":{"line":122,"column":29},"end":{"line":126,"column":null}},"7":{"start":{"line":128,"column":28},"end":{"line":139,"column":null}},"8":{"start":{"line":141,"column":34},"end":{"line":148,"column":null}},"9":{"start":{"line":150,"column":24},"end":{"line":260,"column":null}},"10":{"start":{"line":152,"column":4},"end":{"line":152,"column":null}},"11":{"start":{"line":156,"column":17},"end":{"line":156,"column":null}},"12":{"start":{"line":156,"column":39},"end":{"line":156,"column":57}},"13":{"start":{"line":157,"column":4},"end":{"line":157,"column":null}},"14":{"start":{"line":157,"column":15},"end":{"line":157,"column":null}},"15":{"start":{"line":158,"column":4},"end":{"line":158,"column":null}},"16":{"start":{"line":162,"column":17},"end":{"line":162,"column":null}},"17":{"start":{"line":163,"column":4},"end":{"line":163,"column":null}},"18":{"start":{"line":167,"column":17},"end":{"line":167,"column":null}},"19":{"start":{"line":168,"column":4},"end":{"line":168,"column":null}},"20":{"start":{"line":172,"column":4},"end":{"line":172,"column":null}},"21":{"start":{"line":176,"column":4},"end":{"line":176,"column":null}},"22":{"start":{"line":180,"column":17},"end":{"line":180,"column":null}},"23":{"start":{"line":181,"column":4},"end":{"line":181,"column":null}},"24":{"start":{"line":185,"column":17},"end":{"line":185,"column":null}},"25":{"start":{"line":186,"column":4},"end":{"line":186,"column":null}},"26":{"start":{"line":190,"column":4},"end":{"line":190,"column":null}},"27":{"start":{"line":194,"column":4},"end":{"line":194,"column":null}},"28":{"start":{"line":198,"column":21},"end":{"line":198,"column":null}},"29":{"start":{"line":198,"column":48},"end":{"line":198,"column":75}},"30":{"start":{"line":199,"column":4},"end":{"line":199,"column":null}},"31":{"start":{"line":203,"column":4},"end":{"line":203,"column":null}},"32":{"start":{"line":207,"column":4},"end":{"line":207,"column":null}},"33":{"start":{"line":211,"column":17},"end":{"line":211,"column":null}},"34":{"start":{"line":212,"column":4},"end":{"line":212,"column":null}},"35":{"start":{"line":216,"column":17},"end":{"line":216,"column":null}},"36":{"start":{"line":217,"column":4},"end":{"line":217,"column":null}},"37":{"start":{"line":221,"column":4},"end":{"line":221,"column":null}},"38":{"start":{"line":225,"column":4},"end":{"line":225,"column":null}},"39":{"start":{"line":229,"column":4},"end":{"line":229,"column":null}},"40":{"start":{"line":233,"column":4},"end":{"line":233,"column":null}},"41":{"start":{"line":237,"column":17},"end":{"line":237,"column":null}},"42":{"start":{"line":238,"column":4},"end":{"line":238,"column":null}},"43":{"start":{"line":242,"column":4},"end":{"line":242,"column":null}},"44":{"start":{"line":246,"column":4},"end":{"line":250,"column":null}},"45":{"start":{"line":254,"column":4},"end":{"line":254,"column":null}},"46":{"start":{"line":258,"column":4},"end":{"line":258,"column":null}}},"fnMap":{"0":{"name":"(anonymous_0)","decl":{"start":{"line":151,"column":32},"end":{"line":151,"column":38}},"loc":{"start":{"line":151,"column":38},"end":{"line":153,"column":3}},"line":151},"1":{"name":"(anonymous_1)","decl":{"start":{"line":155,"column":36},"end":{"line":155,"column":37}},"loc":{"start":{"line":155,"column":52},"end":{"line":159,"column":3}},"line":155},"2":{"name":"(anonymous_2)","decl":{"start":{"line":156,"column":32},"end":{"line":156,"column":33}},"loc":{"start":{"line":156,"column":39},"end":{"line":156,"column":57}},"line":156},"3":{"name":"(anonymous_3)","decl":{"start":{"line":161,"column":33},"end":{"line":161,"column":40}},"loc":{"start":{"line":161,"column":56},"end":{"line":164,"column":3}},"line":161},"4":{"name":"(anonymous_4)","decl":{"start":{"line":166,"column":36},"end":{"line":166,"column":43}},"loc":{"start":{"line":166,"column":59},"end":{"line":169,"column":3}},"line":166},"5":{"name":"(anonymous_5)","decl":{"start":{"line":171,"column":39},"end":{"line":171,"column":45}},"loc":{"start":{"line":171,"column":45},"end":{"line":173,"column":3}},"line":171},"6":{"name":"(anonymous_6)","decl":{"start":{"line":175,"column":32},"end":{"line":175,"column":38}},"loc":{"start":{"line":175,"column":38},"end":{"line":177,"column":3}},"line":175},"7":{"name":"(anonymous_7)","decl":{"start":{"line":179,"column":33},"end":{"line":179,"column":40}},"loc":{"start":{"line":179,"column":56},"end":{"line":182,"column":3}},"line":179},"8":{"name":"(anonymous_8)","decl":{"start":{"line":184,"column":36},"end":{"line":184,"column":43}},"loc":{"start":{"line":184,"column":59},"end":{"line":187,"column":3}},"line":184},"9":{"name":"(anonymous_9)","decl":{"start":{"line":189,"column":39},"end":{"line":189,"column":45}},"loc":{"start":{"line":189,"column":45},"end":{"line":191,"column":3}},"line":189},"10":{"name":"(anonymous_10)","decl":{"start":{"line":193,"column":35},"end":{"line":193,"column":41}},"loc":{"start":{"line":193,"column":41},"end":{"line":195,"column":3}},"line":193},"11":{"name":"(anonymous_11)","decl":{"start":{"line":197,"column":49},"end":{"line":197,"column":50}},"loc":{"start":{"line":197,"column":65},"end":{"line":200,"column":3}},"line":197},"12":{"name":"(anonymous_12)","decl":{"start":{"line":198,"column":41},"end":{"line":198,"column":42}},"loc":{"start":{"line":198,"column":48},"end":{"line":198,"column":75}},"line":198},"13":{"name":"(anonymous_13)","decl":{"start":{"line":202,"column":43},"end":{"line":202,"column":49}},"loc":{"start":{"line":202,"column":49},"end":{"line":204,"column":3}},"line":202},"14":{"name":"(anonymous_14)","decl":{"start":{"line":206,"column":32},"end":{"line":206,"column":38}},"loc":{"start":{"line":206,"column":38},"end":{"line":208,"column":3}},"line":206},"15":{"name":"(anonymous_15)","decl":{"start":{"line":210,"column":33},"end":{"line":210,"column":40}},"loc":{"start":{"line":210,"column":56},"end":{"line":213,"column":3}},"line":210},"16":{"name":"(anonymous_16)","decl":{"start":{"line":215,"column":36},"end":{"line":215,"column":43}},"loc":{"start":{"line":215,"column":59},"end":{"line":218,"column":3}},"line":215},"17":{"name":"(anonymous_17)","decl":{"start":{"line":220,"column":39},"end":{"line":220,"column":45}},"loc":{"start":{"line":220,"column":45},"end":{"line":222,"column":3}},"line":220},"18":{"name":"(anonymous_18)","decl":{"start":{"line":224,"column":36},"end":{"line":224,"column":42}},"loc":{"start":{"line":224,"column":42},"end":{"line":226,"column":3}},"line":224},"19":{"name":"(anonymous_19)","decl":{"start":{"line":228,"column":35},"end":{"line":228,"column":41}},"loc":{"start":{"line":228,"column":41},"end":{"line":230,"column":3}},"line":228},"20":{"name":"(anonymous_20)","decl":{"start":{"line":232,"column":32},"end":{"line":232,"column":38}},"loc":{"start":{"line":232,"column":38},"end":{"line":234,"column":3}},"line":232},"21":{"name":"(anonymous_21)","decl":{"start":{"line":236,"column":38},"end":{"line":236,"column":45}},"loc":{"start":{"line":236,"column":61},"end":{"line":239,"column":3}},"line":236},"22":{"name":"(anonymous_22)","decl":{"start":{"line":241,"column":37},"end":{"line":241,"column":43}},"loc":{"start":{"line":241,"column":43},"end":{"line":243,"column":3}},"line":241},"23":{"name":"(anonymous_23)","decl":{"start":{"line":245,"column":38},"end":{"line":245,"column":44}},"loc":{"start":{"line":245,"column":44},"end":{"line":251,"column":3}},"line":245},"24":{"name":"(anonymous_24)","decl":{"start":{"line":253,"column":48},"end":{"line":253,"column":54}},"loc":{"start":{"line":253,"column":54},"end":{"line":255,"column":3}},"line":253},"25":{"name":"(anonymous_25)","decl":{"start":{"line":257,"column":33},"end":{"line":257,"column":39}},"loc":{"start":{"line":257,"column":39},"end":{"line":259,"column":3}},"line":257}},"branchMap":{"0":{"loc":{"start":{"line":157,"column":4},"end":{"line":157,"column":null}},"type":"if","locations":[{"start":{"line":157,"column":4},"end":{"line":157,"column":null}},{"start":{},"end":{}}],"line":157}},"s":{"0":14,"1":14,"2":14,"3":14,"4":14,"5":14,"6":14,"7":14,"8":14,"9":14,"10":2,"11":3,"12":5,"13":3,"14":1,"15":2,"16":1,"17":1,"18":2,"19":2,"20":2,"21":2,"22":2,"23":2,"24":2,"25":2,"26":2,"27":2,"28":0,"29":0,"30":0,"31":2,"32":2,"33":2,"34":2,"35":2,"36":2,"37":2,"38":1,"39":0,"40":1,"41":2,"42":2,"43":1,"44":0,"45":0,"46":0},"f":{"0":2,"1":3,"2":5,"3":1,"4":2,"5":2,"6":2,"7":2,"8":2,"9":2,"10":2,"11":0,"12":0,"13":2,"14":2,"15":2,"16":2,"17":2,"18":1,"19":0,"20":1,"21":2,"22":1,"23":0,"24":0,"25":0},"b":{"0":[1,2]},"meta":{"lastBranch":1,"lastFunction":26,"lastStatement":47,"seen":{"s:3:24:3:Infinity":0,"s:5:25:51:Infinity":1,"s:53:25:57:Infinity":2,"s:59:25:78:Infinity":3,"s:80:28:101:Infinity":4,"s:103:30:120:Infinity":5,"s:122:29:126:Infinity":6,"s:128:28:139:Infinity":7,"s:141:34:148:Infinity":8,"s:150:24:260:Infinity":9,"f:151:32:151:38":0,"s:152:4:152:Infinity":10,"f:155:36:155:37":1,"s:156:17:156:Infinity":11,"f:156:32:156:33":2,"s:156:39:156:57":12,"b:157:4:157:Infinity:undefined:undefined:undefined:undefined":0,"s:157:4:157:Infinity":13,"s:157:15:157:Infinity":14,"s:158:4:158:Infinity":15,"f:161:33:161:40":3,"s:162:17:162:Infinity":16,"s:163:4:163:Infinity":17,"f:166:36:166:43":4,"s:167:17:167:Infinity":18,"s:168:4:168:Infinity":19,"f:171:39:171:45":5,"s:172:4:172:Infinity":20,"f:175:32:175:38":6,"s:176:4:176:Infinity":21,"f:179:33:179:40":7,"s:180:17:180:Infinity":22,"s:181:4:181:Infinity":23,"f:184:36:184:43":8,"s:185:17:185:Infinity":24,"s:186:4:186:Infinity":25,"f:189:39:189:45":9,"s:190:4:190:Infinity":26,"f:193:35:193:41":10,"s:194:4:194:Infinity":27,"f:197:49:197:50":11,"s:198:21:198:Infinity":28,"f:198:41:198:42":12,"s:198:48:198:75":29,"s:199:4:199:Infinity":30,"f:202:43:202:49":13,"s:203:4:203:Infinity":31,"f:206:32:206:38":14,"s:207:4:207:Infinity":32,"f:210:33:210:40":15,"s:211:17:211:Infinity":33,"s:212:4:212:Infinity":34,"f:215:36:215:43":16,"s:216:17:216:Infinity":35,"s:217:4:217:Infinity":36,"f:220:39:220:45":17,"s:221:4:221:Infinity":37,"f:224:36:224:42":18,"s:225:4:225:Infinity":38,"f:228:35:228:41":19,"s:229:4:229:Infinity":39,"f:232:32:232:38":20,"s:233:4:233:Infinity":40,"f:236:38:236:45":21,"s:237:17:237:Infinity":41,"s:238:4:238:Infinity":42,"f:241:37:241:43":22,"s:242:4:242:Infinity":43,"f:245:38:245:44":23,"s:246:4:250:Infinity":44,"f:253:48:253:54":24,"s:254:4:254:Infinity":45,"f:257:33:257:39":25,"s:258:4:258:Infinity":46},"fnNames":{}}}
,"E:\\Johan\\DEv\\Gym\\src\\test\\mocks\\server.ts": {"path":"E:\\Johan\\DEv\\Gym\\src\\test\\mocks\\server.ts","statementMap":{"0":{"start":{"line":4,"column":13},"end":{"line":4,"column":null}}},"fnMap":{},"branchMap":{},"s":{"0":14},"f":{},"b":{},"meta":{"lastBranch":0,"lastFunction":0,"lastStatement":1,"seen":{"s:4:13:4:Infinity":0},"fnNames":{}}}
}
